{"/home/travis/build/npmtest/node-npmtest-prop-types/test.js":{"path":"/home/travis/build/npmtest/node-npmtest-prop-types/test.js","s":{"1":2,"2":2,"3":2,"4":2,"5":2,"6":2,"7":2,"8":1,"9":2,"10":2,"11":1,"12":1,"13":1,"14":1,"15":2,"16":2,"17":2,"18":2,"19":1,"20":1,"21":2,"22":2,"23":2,"24":1,"25":1,"26":1,"27":1,"28":1,"29":1,"30":1,"31":1,"32":1,"33":1,"34":1,"35":1,"36":1,"37":1,"38":1,"39":2,"40":2,"41":1,"42":2,"43":2,"44":1,"45":2,"46":2,"47":1,"48":2,"49":2,"50":1,"51":1,"52":1,"53":1,"54":1},"b":{"1":[2,1,1,1],"2":[1,1,1,1],"3":[1,1],"4":[1,1],"5":[1,1],"6":[1,1],"7":[1,1],"8":[1,1],"9":[1,1],"10":[1,1,1],"11":[1,1],"12":[1,1],"13":[1,1],"14":[1,1],"15":[1,1],"16":[1,1],"17":[1,1]},"f":{"1":2,"2":2,"3":2,"4":2,"5":2,"6":1,"7":1,"8":1,"9":2,"10":2,"11":2,"12":2,"13":1},"fnMap":{"1":{"name":"(anonymous_1)","line":12,"loc":{"start":{"line":12,"column":1},"end":{"line":12,"column":13}}},"2":{"name":"(anonymous_2)","line":19,"loc":{"start":{"line":19,"column":5},"end":{"line":19,"column":17}}},"3":{"name":"(anonymous_3)","line":23,"loc":{"start":{"line":23,"column":24},"end":{"line":23,"column":36}}},"4":{"name":"(anonymous_4)","line":61,"loc":{"start":{"line":61,"column":5},"end":{"line":61,"column":17}}},"5":{"name":"(anonymous_5)","line":82,"loc":{"start":{"line":82,"column":5},"end":{"line":82,"column":17}}},"6":{"name":"(anonymous_6)","line":91,"loc":{"start":{"line":91,"column":77},"end":{"line":94,"column":10}}},"7":{"name":"(anonymous_7)","line":112,"loc":{"start":{"line":112,"column":83},"end":{"line":115,"column":10}},"skip":true},"8":{"name":"(anonymous_8)","line":123,"loc":{"start":{"line":123,"column":77},"end":{"line":126,"column":10}},"skip":true},"9":{"name":"(anonymous_9)","line":139,"loc":{"start":{"line":139,"column":12},"end":{"line":139,"column":40}},"skip":true},"10":{"name":"(anonymous_10)","line":147,"loc":{"start":{"line":147,"column":77},"end":{"line":150,"column":10}},"skip":true},"11":{"name":"(anonymous_11)","line":158,"loc":{"start":{"line":158,"column":83},"end":{"line":161,"column":10}},"skip":true},"12":{"name":"(anonymous_12)","line":169,"loc":{"start":{"line":169,"column":79},"end":{"line":172,"column":10}},"skip":true},"13":{"name":"(anonymous_13)","line":180,"loc":{"start":{"line":180,"column":75},"end":{"line":183,"column":10}},"skip":true}},"statementMap":{"1":{"start":{"line":12,"column":0},"end":{"line":195,"column":5}},"2":{"start":{"line":14,"column":4},"end":{"line":14,"column":14}},"3":{"start":{"line":19,"column":4},"end":{"line":56,"column":9}},"4":{"start":{"line":21,"column":8},"end":{"line":21,"column":19}},"5":{"start":{"line":23,"column":8},"end":{"line":35,"column":13}},"6":{"start":{"line":24,"column":12},"end":{"line":34,"column":13}},"7":{"start":{"line":25,"column":16},"end":{"line":28,"column":30}},"8":{"start":{"line":30,"column":16},"end":{"line":33,"column":27}},"9":{"start":{"line":37,"column":8},"end":{"line":39,"column":21}},"10":{"start":{"line":40,"column":8},"end":{"line":53,"column":9}},"11":{"start":{"line":43,"column":12},"end":{"line":46,"column":14}},"12":{"start":{"line":47,"column":12},"end":{"line":47,"column":18}},"13":{"start":{"line":50,"column":12},"end":{"line":51,"column":46}},"14":{"start":{"line":52,"column":12},"end":{"line":52,"column":18}},"15":{"start":{"line":55,"column":8},"end":{"line":55,"column":35}},"16":{"start":{"line":61,"column":4},"end":{"line":63,"column":9}},"17":{"start":{"line":62,"column":8},"end":{"line":62,"column":15}},"18":{"start":{"line":64,"column":4},"end":{"line":77,"column":5}},"19":{"start":{"line":70,"column":8},"end":{"line":70,"column":14}},"20":{"start":{"line":76,"column":8},"end":{"line":76,"column":14}},"21":{"start":{"line":82,"column":4},"end":{"line":84,"column":9}},"22":{"start":{"line":83,"column":8},"end":{"line":83,"column":15}},"23":{"start":{"line":85,"column":4},"end":{"line":194,"column":5}},"24":{"start":{"line":91,"column":8},"end":{"line":99,"column":10}},"25":{"start":{"line":98,"column":12},"end":{"line":98,"column":35}},"26":{"start":{"line":102,"column":8},"end":{"line":104,"column":63}},"27":{"start":{"line":105,"column":8},"end":{"line":105,"column":14}},"28":{"start":{"line":112,"column":8},"end":{"line":121,"column":10},"skip":true},"29":{"start":{"line":119,"column":12},"end":{"line":119,"column":55},"skip":true},"30":{"start":{"line":120,"column":12},"end":{"line":120,"column":48},"skip":true},"31":{"start":{"line":123,"column":8},"end":{"line":136,"column":10},"skip":true},"32":{"start":{"line":130,"column":12},"end":{"line":130,"column":76},"skip":true},"33":{"start":{"line":131,"column":12},"end":{"line":131,"column":73},"skip":true},"34":{"start":{"line":132,"column":12},"end":{"line":132,"column":74},"skip":true},"35":{"start":{"line":133,"column":12},"end":{"line":133,"column":79},"skip":true},"36":{"start":{"line":134,"column":12},"end":{"line":134,"column":25},"skip":true},"37":{"start":{"line":135,"column":12},"end":{"line":135,"column":45},"skip":true},"38":{"start":{"line":138,"column":8},"end":{"line":145,"column":14},"skip":true},"39":{"start":{"line":143,"column":16},"end":{"line":143,"column":29},"skip":true},"40":{"start":{"line":144,"column":16},"end":{"line":144,"column":55},"skip":true},"41":{"start":{"line":147,"column":8},"end":{"line":156,"column":10},"skip":true},"42":{"start":{"line":154,"column":12},"end":{"line":154,"column":25},"skip":true},"43":{"start":{"line":155,"column":12},"end":{"line":155,"column":45},"skip":true},"44":{"start":{"line":158,"column":8},"end":{"line":167,"column":10},"skip":true},"45":{"start":{"line":165,"column":12},"end":{"line":165,"column":25},"skip":true},"46":{"start":{"line":166,"column":12},"end":{"line":166,"column":48},"skip":true},"47":{"start":{"line":169,"column":8},"end":{"line":178,"column":10},"skip":true},"48":{"start":{"line":176,"column":12},"end":{"line":176,"column":25},"skip":true},"49":{"start":{"line":177,"column":12},"end":{"line":177,"column":46},"skip":true},"50":{"start":{"line":180,"column":8},"end":{"line":189,"column":10},"skip":true},"51":{"start":{"line":187,"column":12},"end":{"line":187,"column":94},"skip":true},"52":{"start":{"line":188,"column":12},"end":{"line":188,"column":48},"skip":true},"53":{"start":{"line":192,"column":8},"end":{"line":192,"column":35},"skip":true},"54":{"start":{"line":193,"column":8},"end":{"line":193,"column":14},"skip":true}},"branchMap":{"1":{"line":25,"type":"binary-expr","locations":[{"start":{"line":25,"column":23},"end":{"line":25,"column":62}},{"start":{"line":26,"column":20},"end":{"line":26,"column":70}},{"start":{"line":27,"column":20},"end":{"line":27,"column":71}},{"start":{"line":28,"column":20},"end":{"line":28,"column":29}}]},"2":{"line":30,"type":"binary-expr","locations":[{"start":{"line":30,"column":23},"end":{"line":30,"column":37}},{"start":{"line":31,"column":20},"end":{"line":31,"column":61}},{"start":{"line":32,"column":20},"end":{"line":32,"column":70}},{"start":{"line":33,"column":20},"end":{"line":33,"column":26}}]},"3":{"line":37,"type":"cond-expr","locations":[{"start":{"line":38,"column":14},"end":{"line":38,"column":20}},{"start":{"line":39,"column":14},"end":{"line":39,"column":20}}]},"4":{"line":40,"type":"switch","locations":[{"start":{"line":42,"column":8},"end":{"line":47,"column":18}},{"start":{"line":49,"column":8},"end":{"line":52,"column":18}}]},"5":{"line":44,"type":"binary-expr","locations":[{"start":{"line":44,"column":16},"end":{"line":44,"column":44}},{"start":{"line":44,"column":48},"end":{"line":44,"column":66}}]},"6":{"line":50,"type":"binary-expr","locations":[{"start":{"line":50,"column":21},"end":{"line":50,"column":49}},{"start":{"line":50,"column":53},"end":{"line":50,"column":72}}]},"7":{"line":64,"type":"switch","locations":[{"start":{"line":69,"column":4},"end":{"line":70,"column":14}},{"start":{"line":75,"column":4},"end":{"line":76,"column":14}}]},"8":{"line":85,"type":"switch","locations":[{"start":{"line":90,"column":4},"end":{"line":105,"column":14}},{"start":{"line":111,"column":4},"end":{"line":193,"column":14},"skip":true}]},"9":{"line":91,"type":"binary-expr","locations":[{"start":{"line":91,"column":42},"end":{"line":91,"column":73}},{"start":{"line":91,"column":77},"end":{"line":99,"column":9}}]},"10":{"line":102,"type":"binary-expr","locations":[{"start":{"line":102,"column":18},"end":{"line":102,"column":32}},{"start":{"line":103,"column":12},"end":{"line":103,"column":53}},{"start":{"line":104,"column":12},"end":{"line":104,"column":61}}]},"11":{"line":112,"type":"binary-expr","locations":[{"start":{"line":112,"column":45},"end":{"line":112,"column":79},"skip":true},{"start":{"line":112,"column":83},"end":{"line":121,"column":9},"skip":true}]},"12":{"line":123,"type":"binary-expr","locations":[{"start":{"line":123,"column":42},"end":{"line":123,"column":73},"skip":true},{"start":{"line":123,"column":77},"end":{"line":136,"column":9},"skip":true}]},"13":{"line":138,"type":"binary-expr","locations":[{"start":{"line":138,"column":48},"end":{"line":138,"column":85},"skip":true},{"start":{"line":139,"column":12},"end":{"line":145,"column":13},"skip":true}]},"14":{"line":147,"type":"binary-expr","locations":[{"start":{"line":147,"column":42},"end":{"line":147,"column":73},"skip":true},{"start":{"line":147,"column":77},"end":{"line":156,"column":9},"skip":true}]},"15":{"line":158,"type":"binary-expr","locations":[{"start":{"line":158,"column":45},"end":{"line":158,"column":79},"skip":true},{"start":{"line":158,"column":83},"end":{"line":167,"column":9},"skip":true}]},"16":{"line":169,"type":"binary-expr","locations":[{"start":{"line":169,"column":43},"end":{"line":169,"column":75},"skip":true},{"start":{"line":169,"column":79},"end":{"line":178,"column":9},"skip":true}]},"17":{"line":180,"type":"binary-expr","locations":[{"start":{"line":180,"column":41},"end":{"line":180,"column":71},"skip":true},{"start":{"line":180,"column":75},"end":{"line":189,"column":9},"skip":true}]}},"code":["/* istanbul instrument in package npmtest_prop_types */","/*jslint","    bitwise: true,","    browser: true,","    maxerr: 8,","    maxlen: 96,","    node: true,","    nomen: true,","    regexp: true,","    stupid: true","*/","(function () {","    'use strict';","    var local;","","","","    // run shared js-env code - pre-init","    (function () {","        // init local","        local = {};","        // init modeJs","        local.modeJs = (function () {","            try {","                return typeof navigator.userAgent === 'string' &&","                    typeof document.querySelector('body') === 'object' &&","                    typeof XMLHttpRequest.prototype.open === 'function' &&","                    'browser';","            } catch (errorCaughtBrowser) {","                return module.exports &&","                    typeof process.versions.node === 'string' &&","                    typeof require('http').createServer === 'function' &&","                    'node';","            }","        }());","        // init global","        local.global = local.modeJs === 'browser'","            ? window","            : global;","        switch (local.modeJs) {","        // re-init local from window.local","        case 'browser':","            local = local.global.utility2.objectSetDefault(","                local.global.utility2_rollup || local.global.local,","                local.global.utility2","            );","            break;","        // re-init local from example.js","        case 'node':","            local = (local.global.utility2_rollup || require('utility2'))","                .requireExampleJsFromReadme();","            break;","        }","        // export local","        local.global.local = local;","    }());","","","","    // run shared js-env code - function","    (function () {","        return;","    }());","    switch (local.modeJs) {","","","","    // run browser js-env code - function","    case 'browser':","        break;","","","","    // run node js-env code - function","    case 'node':","        break;","    }","","","","    // run shared js-env code - post-init","    (function () {","        return;","    }());","    switch (local.modeJs) {","","","","    // run browser js-env code - post-init","    case 'browser':","        local.testCase_browser_nullCase = local.testCase_browser_nullCase || function (","            options,","            onError","        ) {","        /*","         * this function will test browsers's null-case handling-behavior-behavior","         */","            onError(null, options);","        };","","        // run tests","        local.nop(local.modeTest &&","            document.querySelector('#testRunButton1') &&","            document.querySelector('#testRunButton1').click());","        break;","","","","    // run node js-env code - post-init","    /* istanbul ignore next */","    case 'node':","        local.testCase_buildApidoc_default = local.testCase_buildApidoc_default || function (","            options,","            onError","        ) {","        /*","         * this function will test buildApidoc's default handling-behavior-behavior","         */","            options = { modulePathList: module.paths };","            local.buildApidoc(options, onError);","        };","","        local.testCase_buildApp_default = local.testCase_buildApp_default || function (","            options,","            onError","        ) {","        /*","         * this function will test buildApp's default handling-behavior-behavior","         */","            local.testCase_buildReadme_default(options, local.onErrorThrow);","            local.testCase_buildLib_default(options, local.onErrorThrow);","            local.testCase_buildTest_default(options, local.onErrorThrow);","            local.testCase_buildCustomOrg_default(options, local.onErrorThrow);","            options = [];","            local.buildApp(options, onError);","        };","","        local.testCase_buildCustomOrg_default = local.testCase_buildCustomOrg_default ||","            function (options, onError) {","            /*","             * this function will test buildCustomOrg's default handling-behavior","             */","                options = {};","                local.buildCustomOrg(options, onError);","            };","","        local.testCase_buildLib_default = local.testCase_buildLib_default || function (","            options,","            onError","        ) {","        /*","         * this function will test buildLib's default handling-behavior","         */","            options = {};","            local.buildLib(options, onError);","        };","","        local.testCase_buildReadme_default = local.testCase_buildReadme_default || function (","            options,","            onError","        ) {","        /*","         * this function will test buildReadme's default handling-behavior-behavior","         */","            options = {};","            local.buildReadme(options, onError);","        };","","        local.testCase_buildTest_default = local.testCase_buildTest_default || function (","            options,","            onError","        ) {","        /*","         * this function will test buildTest's default handling-behavior","         */","            options = {};","            local.buildTest(options, onError);","        };","","        local.testCase_webpage_default = local.testCase_webpage_default || function (","            options,","            onError","        ) {","        /*","         * this function will test webpage's default handling-behavior","         */","            options = { modeCoverageMerge: true, url: local.serverLocalHost + '?modeTest=1' };","            local.browserTest(options, onError);","        };","","        // run test-server","        local.testRunServer(local);","        break;","    }","}());",""],"l":{"12":2,"14":2,"19":2,"21":2,"23":2,"24":2,"25":2,"30":1,"37":2,"40":2,"43":1,"47":1,"50":1,"52":1,"55":2,"61":2,"62":2,"64":2,"70":1,"76":1,"82":2,"83":2,"85":2,"91":1,"98":1,"102":1,"105":1,"112":1,"119":1,"120":1,"123":1,"130":1,"131":1,"132":1,"133":1,"134":1,"135":1,"138":1,"143":2,"144":2,"147":1,"154":2,"155":2,"158":1,"165":2,"166":2,"169":1,"176":2,"177":2,"180":1,"187":1,"188":1,"192":1,"193":1}},"/home/travis/build/npmtest/node-npmtest-prop-types/lib.npmtest_prop_types.js":{"path":"/home/travis/build/npmtest/node-npmtest-prop-types/lib.npmtest_prop_types.js","s":{"1":2,"2":2,"3":2,"4":2,"5":2,"6":2,"7":2,"8":1,"9":2,"10":2,"11":2,"12":2,"13":1,"14":1,"15":1,"16":1},"b":{"1":[2,1,1,1],"2":[1,1,1,1],"3":[1,1],"4":[2,2],"5":[1,1]},"f":{"1":2,"2":2,"3":2},"fnMap":{"1":{"name":"(anonymous_1)","line":12,"loc":{"start":{"line":12,"column":1},"end":{"line":12,"column":13}}},"2":{"name":"(anonymous_2)","line":19,"loc":{"start":{"line":19,"column":5},"end":{"line":19,"column":17}}},"3":{"name":"(anonymous_3)","line":23,"loc":{"start":{"line":23,"column":24},"end":{"line":23,"column":36}}}},"statementMap":{"1":{"start":{"line":12,"column":0},"end":{"line":53,"column":5}},"2":{"start":{"line":14,"column":4},"end":{"line":14,"column":14}},"3":{"start":{"line":19,"column":4},"end":{"line":52,"column":9}},"4":{"start":{"line":21,"column":8},"end":{"line":21,"column":19}},"5":{"start":{"line":23,"column":8},"end":{"line":35,"column":13}},"6":{"start":{"line":24,"column":12},"end":{"line":34,"column":13}},"7":{"start":{"line":25,"column":16},"end":{"line":28,"column":30}},"8":{"start":{"line":30,"column":16},"end":{"line":33,"column":27}},"9":{"start":{"line":37,"column":8},"end":{"line":39,"column":21}},"10":{"start":{"line":41,"column":8},"end":{"line":41,"column":54}},"11":{"start":{"line":43,"column":8},"end":{"line":43,"column":55}},"12":{"start":{"line":45,"column":8},"end":{"line":51,"column":9}},"13":{"start":{"line":46,"column":12},"end":{"line":46,"column":61}},"14":{"start":{"line":48,"column":12},"end":{"line":48,"column":35}},"15":{"start":{"line":49,"column":12},"end":{"line":49,"column":49}},"16":{"start":{"line":50,"column":12},"end":{"line":50,"column":43}}},"branchMap":{"1":{"line":25,"type":"binary-expr","locations":[{"start":{"line":25,"column":23},"end":{"line":25,"column":62}},{"start":{"line":26,"column":20},"end":{"line":26,"column":70}},{"start":{"line":27,"column":20},"end":{"line":27,"column":71}},{"start":{"line":28,"column":20},"end":{"line":28,"column":29}}]},"2":{"line":30,"type":"binary-expr","locations":[{"start":{"line":30,"column":23},"end":{"line":30,"column":37}},{"start":{"line":31,"column":20},"end":{"line":31,"column":61}},{"start":{"line":32,"column":20},"end":{"line":32,"column":70}},{"start":{"line":33,"column":20},"end":{"line":33,"column":26}}]},"3":{"line":37,"type":"cond-expr","locations":[{"start":{"line":38,"column":14},"end":{"line":38,"column":20}},{"start":{"line":39,"column":14},"end":{"line":39,"column":20}}]},"4":{"line":41,"type":"binary-expr","locations":[{"start":{"line":41,"column":16},"end":{"line":41,"column":44}},{"start":{"line":41,"column":48},"end":{"line":41,"column":53}}]},"5":{"line":45,"type":"if","locations":[{"start":{"line":45,"column":8},"end":{"line":45,"column":8}},{"start":{"line":45,"column":8},"end":{"line":45,"column":8}}]}},"code":["/* istanbul instrument in package npmtest_prop_types */","/*jslint","    bitwise: true,","    browser: true,","    maxerr: 8,","    maxlen: 96,","    node: true,","    nomen: true,","    regexp: true,","    stupid: true","*/","(function () {","    'use strict';","    var local;","","","","    // run shared js-env code - pre-init","    (function () {","        // init local","        local = {};","        // init modeJs","        local.modeJs = (function () {","            try {","                return typeof navigator.userAgent === 'string' &&","                    typeof document.querySelector('body') === 'object' &&","                    typeof XMLHttpRequest.prototype.open === 'function' &&","                    'browser';","            } catch (errorCaughtBrowser) {","                return module.exports &&","                    typeof process.versions.node === 'string' &&","                    typeof require('http').createServer === 'function' &&","                    'node';","            }","        }());","        // init global","        local.global = local.modeJs === 'browser'","            ? window","            : global;","        // init utility2_rollup","        local = local.global.utility2_rollup || local;","        // init lib","        local.local = local.npmtest_prop_types = local;","        // init exports","        if (local.modeJs === 'browser') {","            local.global.utility2_npmtest_prop_types = local;","        } else {","            module.exports = local;","            module.exports.__dirname = __dirname;","            module.exports.module = module;","        }","    }());","}());",""],"l":{"12":2,"14":2,"19":2,"21":2,"23":2,"24":2,"25":2,"30":1,"37":2,"41":2,"43":2,"45":2,"46":1,"48":1,"49":1,"50":1}},"/home/travis/build/npmtest/node-npmtest-prop-types/example.js":{"path":"/home/travis/build/npmtest/node-npmtest-prop-types/example.js","s":{"1":2,"2":2,"3":2,"4":2,"5":2,"6":2,"7":2,"8":1,"9":2,"10":2,"11":2,"12":2,"13":1,"14":2,"15":2,"16":2,"17":2,"18":2,"19":0,"20":2,"21":1,"22":1,"23":1,"24":1,"25":1,"26":0,"27":0,"28":1,"29":1,"30":2,"31":0,"32":0,"33":0,"34":1,"35":2,"36":2,"37":3,"38":3,"39":3,"40":3,"41":0,"42":3,"43":3,"44":3,"45":1,"46":3,"47":1,"48":1,"49":1,"50":1,"51":1,"52":1,"53":1,"54":1,"55":1,"56":1,"57":0,"58":1,"59":6,"60":6,"61":1,"62":2,"63":0,"64":2,"65":1,"66":1,"67":0,"68":0,"69":0,"70":0,"71":0,"72":0,"73":0,"74":0,"75":0,"76":0,"77":0,"78":0,"79":0,"80":0,"81":0,"82":0,"83":0},"b":{"1":[2,1,1,1],"2":[1,1,1,1],"3":[1,1],"4":[2,2],"5":[1,1],"6":[1,1],"7":[2,0],"8":[2,1,1,1,1,1],"9":[0,2,0],"10":[1,1],"11":[2,1,1],"12":[1,0],"13":[0,2],"14":[2,0,0,0,0,0,0],"15":[0,3],"16":[3,0],"17":[1,1],"18":[0,1],"19":[1,2,0,2],"20":[1,0],"21":[1,1],"22":[0,0],"23":[0,0],"24":[0,0],"25":[0,0],"26":[0,0],"27":[0,0],"28":[0,0]},"f":{"1":2,"2":2,"3":2,"4":2,"5":2,"6":2,"7":3,"8":3,"9":3,"10":1,"11":6,"12":0},"fnMap":{"1":{"name":"(anonymous_1)","line":26,"loc":{"start":{"line":26,"column":1},"end":{"line":26,"column":13}}},"2":{"name":"(anonymous_2)","line":33,"loc":{"start":{"line":33,"column":5},"end":{"line":33,"column":17}}},"3":{"name":"(anonymous_3)","line":37,"loc":{"start":{"line":37,"column":24},"end":{"line":37,"column":36}}},"4":{"name":"(anonymous_4)","line":69,"loc":{"start":{"line":69,"column":31},"end":{"line":69,"column":48}},"skip":true},"5":{"name":"(anonymous_5)","line":78,"loc":{"start":{"line":78,"column":26},"end":{"line":78,"column":45}},"skip":true},"6":{"name":"(anonymous_6)","line":123,"loc":{"start":{"line":123,"column":33},"end":{"line":123,"column":48}},"skip":true},"7":{"name":"(anonymous_7)","line":125,"loc":{"start":{"line":125,"column":27},"end":{"line":125,"column":39}},"skip":true},"8":{"name":"(anonymous_8)","line":133,"loc":{"start":{"line":133,"column":59},"end":{"line":133,"column":74}},"skip":true},"9":{"name":"(anonymous_9)","line":143,"loc":{"start":{"line":143,"column":45},"end":{"line":143,"column":62}},"skip":true},"10":{"name":"(anonymous_10)","line":144,"loc":{"start":{"line":144,"column":73},"end":{"line":144,"column":92}},"skip":true},"11":{"name":"(anonymous_11)","line":272,"loc":{"start":{"line":272,"column":51},"end":{"line":272,"column":77}},"skip":true},"12":{"name":"(anonymous_12)","line":315,"loc":{"start":{"line":315,"column":32},"end":{"line":315,"column":61}},"skip":true}},"statementMap":{"1":{"start":{"line":26,"column":0},"end":{"line":326,"column":5}},"2":{"start":{"line":28,"column":4},"end":{"line":28,"column":14}},"3":{"start":{"line":33,"column":4},"end":{"line":60,"column":9}},"4":{"start":{"line":35,"column":8},"end":{"line":35,"column":19}},"5":{"start":{"line":37,"column":8},"end":{"line":49,"column":13}},"6":{"start":{"line":38,"column":12},"end":{"line":48,"column":13}},"7":{"start":{"line":39,"column":16},"end":{"line":42,"column":30}},"8":{"start":{"line":44,"column":16},"end":{"line":47,"column":27}},"9":{"start":{"line":51,"column":8},"end":{"line":53,"column":21}},"10":{"start":{"line":55,"column":8},"end":{"line":57,"column":45}},"11":{"start":{"line":59,"column":8},"end":{"line":59,"column":35}},"12":{"start":{"line":61,"column":4},"end":{"line":325,"column":5}},"13":{"start":{"line":69,"column":8},"end":{"line":121,"column":10},"skip":true},"14":{"start":{"line":70,"column":12},"end":{"line":88,"column":13},"skip":true},"15":{"start":{"line":76,"column":16},"end":{"line":87,"column":19},"skip":true},"16":{"start":{"line":79,"column":20},"end":{"line":86,"column":21},"skip":true},"17":{"start":{"line":82,"column":24},"end":{"line":82,"column":43},"skip":true},"18":{"start":{"line":83,"column":24},"end":{"line":83,"column":30},"skip":true},"19":{"start":{"line":85,"column":24},"end":{"line":85,"column":49},"skip":true},"20":{"start":{"line":89,"column":12},"end":{"line":107,"column":13},"skip":true},"21":{"start":{"line":92,"column":16},"end":{"line":102,"column":17},"skip":true},"22":{"start":{"line":93,"column":20},"end":{"line":93,"column":86},"skip":true},"23":{"start":{"line":94,"column":20},"end":{"line":95,"column":45},"skip":true},"24":{"start":{"line":96,"column":20},"end":{"line":96,"column":42},"skip":true},"25":{"start":{"line":97,"column":20},"end":{"line":97,"column":48},"skip":true},"26":{"start":{"line":100,"column":20},"end":{"line":100,"column":85},"skip":true},"27":{"start":{"line":101,"column":20},"end":{"line":101,"column":96},"skip":true},"28":{"start":{"line":103,"column":16},"end":{"line":103,"column":22},"skip":true},"29":{"start":{"line":106,"column":16},"end":{"line":106,"column":22},"skip":true},"30":{"start":{"line":108,"column":12},"end":{"line":120,"column":13},"skip":true},"31":{"start":{"line":114,"column":16},"end":{"line":119,"column":17},"skip":true},"32":{"start":{"line":116,"column":20},"end":{"line":116,"column":78},"skip":true},"33":{"start":{"line":118,"column":20},"end":{"line":118,"column":47},"skip":true},"34":{"start":{"line":123,"column":8},"end":{"line":141,"column":11},"skip":true},"35":{"start":{"line":124,"column":12},"end":{"line":124,"column":54},"skip":true},"36":{"start":{"line":125,"column":12},"end":{"line":140,"column":14},"skip":true},"37":{"start":{"line":126,"column":16},"end":{"line":126,"column":28},"skip":true},"38":{"start":{"line":127,"column":16},"end":{"line":127,"column":69},"skip":true},"39":{"start":{"line":128,"column":16},"end":{"line":128,"column":75},"skip":true},"40":{"start":{"line":129,"column":16},"end":{"line":131,"column":17},"skip":true},"41":{"start":{"line":130,"column":20},"end":{"line":130,"column":27},"skip":true},"42":{"start":{"line":133,"column":16},"end":{"line":137,"column":36},"skip":true},"43":{"start":{"line":134,"column":20},"end":{"line":136,"column":55},"skip":true},"44":{"start":{"line":139,"column":16},"end":{"line":139,"column":57},"skip":true},"45":{"start":{"line":143,"column":8},"end":{"line":147,"column":11},"skip":true},"46":{"start":{"line":144,"column":12},"end":{"line":146,"column":15},"skip":true},"47":{"start":{"line":145,"column":16},"end":{"line":145,"column":70},"skip":true},"48":{"start":{"line":149,"column":8},"end":{"line":149,"column":31},"skip":true},"49":{"start":{"line":150,"column":8},"end":{"line":150,"column":14},"skip":true},"50":{"start":{"line":158,"column":8},"end":{"line":158,"column":31},"skip":true},"51":{"start":{"line":160,"column":8},"end":{"line":160,"column":33},"skip":true},"52":{"start":{"line":161,"column":8},"end":{"line":161,"column":37},"skip":true},"53":{"start":{"line":162,"column":8},"end":{"line":162,"column":35},"skip":true},"54":{"start":{"line":164,"column":8},"end":{"line":164,"column":50},"skip":true},"55":{"start":{"line":166,"column":8},"end":{"line":256,"column":2},"skip":true},"56":{"start":{"line":258,"column":8},"end":{"line":286,"column":9},"skip":true},"57":{"start":{"line":259,"column":12},"end":{"line":269,"column":14},"skip":true},"58":{"start":{"line":271,"column":12},"end":{"line":285,"column":19},"skip":true},"59":{"start":{"line":274,"column":20},"end":{"line":274,"column":35},"skip":true},"60":{"start":{"line":275,"column":20},"end":{"line":284,"column":21},"skip":true},"61":{"start":{"line":277,"column":24},"end":{"line":277,"column":64},"skip":true},"62":{"start":{"line":279,"column":24},"end":{"line":279,"column":40},"skip":true},"63":{"start":{"line":281,"column":24},"end":{"line":281,"column":40},"skip":true},"64":{"start":{"line":283,"column":24},"end":{"line":283,"column":39},"skip":true},"65":{"start":{"line":288,"column":8},"end":{"line":290,"column":9},"skip":true},"66":{"start":{"line":289,"column":12},"end":{"line":289,"column":18},"skip":true},"67":{"start":{"line":291,"column":8},"end":{"line":293,"column":54},"skip":true},"68":{"start":{"line":296,"column":8},"end":{"line":301,"column":37},"skip":true},"69":{"start":{"line":303,"column":8},"end":{"line":303,"column":82},"skip":true},"70":{"start":{"line":306,"column":8},"end":{"line":308,"column":9},"skip":true},"71":{"start":{"line":307,"column":12},"end":{"line":307,"column":82},"skip":true},"72":{"start":{"line":310,"column":8},"end":{"line":312,"column":9},"skip":true},"73":{"start":{"line":311,"column":12},"end":{"line":311,"column":18},"skip":true},"74":{"start":{"line":313,"column":8},"end":{"line":313,"column":54},"skip":true},"75":{"start":{"line":314,"column":8},"end":{"line":314,"column":69},"skip":true},"76":{"start":{"line":315,"column":8},"end":{"line":323,"column":36},"skip":true},"77":{"start":{"line":316,"column":12},"end":{"line":316,"column":61},"skip":true},"78":{"start":{"line":317,"column":12},"end":{"line":320,"column":13},"skip":true},"79":{"start":{"line":318,"column":16},"end":{"line":318,"column":75},"skip":true},"80":{"start":{"line":319,"column":16},"end":{"line":319,"column":23},"skip":true},"81":{"start":{"line":321,"column":12},"end":{"line":321,"column":38},"skip":true},"82":{"start":{"line":322,"column":12},"end":{"line":322,"column":27},"skip":true},"83":{"start":{"line":324,"column":8},"end":{"line":324,"column":14},"skip":true}},"branchMap":{"1":{"line":39,"type":"binary-expr","locations":[{"start":{"line":39,"column":23},"end":{"line":39,"column":62}},{"start":{"line":40,"column":20},"end":{"line":40,"column":70}},{"start":{"line":41,"column":20},"end":{"line":41,"column":71}},{"start":{"line":42,"column":20},"end":{"line":42,"column":29}}]},"2":{"line":44,"type":"binary-expr","locations":[{"start":{"line":44,"column":23},"end":{"line":44,"column":37}},{"start":{"line":45,"column":20},"end":{"line":45,"column":61}},{"start":{"line":46,"column":20},"end":{"line":46,"column":70}},{"start":{"line":47,"column":20},"end":{"line":47,"column":26}}]},"3":{"line":51,"type":"cond-expr","locations":[{"start":{"line":52,"column":14},"end":{"line":52,"column":20}},{"start":{"line":53,"column":14},"end":{"line":53,"column":20}}]},"4":{"line":55,"type":"binary-expr","locations":[{"start":{"line":55,"column":16},"end":{"line":55,"column":44}},{"start":{"line":55,"column":49},"end":{"line":57,"column":43}}]},"5":{"line":55,"type":"cond-expr","locations":[{"start":{"line":56,"column":14},"end":{"line":56,"column":54}},{"start":{"line":57,"column":14},"end":{"line":57,"column":43}}]},"6":{"line":61,"type":"switch","locations":[{"start":{"line":68,"column":4},"end":{"line":150,"column":14},"skip":true},{"start":{"line":156,"column":4},"end":{"line":324,"column":14},"skip":true}]},"7":{"line":70,"type":"if","locations":[{"start":{"line":70,"column":12},"end":{"line":70,"column":12},"skip":true},{"start":{"line":70,"column":12},"end":{"line":70,"column":12},"skip":true}]},"8":{"line":70,"type":"binary-expr","locations":[{"start":{"line":70,"column":16},"end":{"line":70,"column":22},"skip":true},{"start":{"line":70,"column":27},"end":{"line":70,"column":32},"skip":true},{"start":{"line":71,"column":20},"end":{"line":71,"column":39},"skip":true},{"start":{"line":72,"column":20},"end":{"line":72,"column":49},"skip":true},{"start":{"line":73,"column":20},"end":{"line":73,"column":58},"skip":true},{"start":{"line":74,"column":20},"end":{"line":74,"column":69},"skip":true}]},"9":{"line":79,"type":"switch","locations":[{"start":{"line":80,"column":20},"end":{"line":80,"column":33},"skip":true},{"start":{"line":81,"column":20},"end":{"line":83,"column":30},"skip":true},{"start":{"line":84,"column":20},"end":{"line":85,"column":49},"skip":true}]},"10":{"line":89,"type":"switch","locations":[{"start":{"line":90,"column":12},"end":{"line":103,"column":22},"skip":true},{"start":{"line":105,"column":12},"end":{"line":106,"column":22},"skip":true}]},"11":{"line":89,"type":"binary-expr","locations":[{"start":{"line":89,"column":20},"end":{"line":89,"column":25},"skip":true},{"start":{"line":89,"column":29},"end":{"line":89,"column":48},"skip":true},{"start":{"line":89,"column":52},"end":{"line":89,"column":74},"skip":true}]},"12":{"line":92,"type":"if","locations":[{"start":{"line":92,"column":16},"end":{"line":92,"column":16},"skip":true},{"start":{"line":92,"column":16},"end":{"line":92,"column":16},"skip":true}]},"13":{"line":108,"type":"if","locations":[{"start":{"line":108,"column":12},"end":{"line":108,"column":12},"skip":true},{"start":{"line":108,"column":12},"end":{"line":108,"column":12},"skip":true}]},"14":{"line":108,"type":"binary-expr","locations":[{"start":{"line":108,"column":16},"end":{"line":108,"column":61},"skip":true},{"start":{"line":108,"column":66},"end":{"line":108,"column":72},"skip":true},{"start":{"line":108,"column":77},"end":{"line":108,"column":82},"skip":true},{"start":{"line":109,"column":20},"end":{"line":109,"column":39},"skip":true},{"start":{"line":110,"column":20},"end":{"line":110,"column":49},"skip":true},{"start":{"line":111,"column":20},"end":{"line":111,"column":58},"skip":true},{"start":{"line":112,"column":20},"end":{"line":112,"column":68},"skip":true}]},"15":{"line":129,"type":"if","locations":[{"start":{"line":129,"column":16},"end":{"line":129,"column":16},"skip":true},{"start":{"line":129,"column":16},"end":{"line":129,"column":16},"skip":true}]},"16":{"line":134,"type":"cond-expr","locations":[{"start":{"line":135,"column":26},"end":{"line":135,"column":29},"skip":true},{"start":{"line":136,"column":26},"end":{"line":136,"column":54},"skip":true}]},"17":{"line":164,"type":"binary-expr","locations":[{"start":{"line":164,"column":27},"end":{"line":164,"column":43},"skip":true},{"start":{"line":164,"column":47},"end":{"line":164,"column":49},"skip":true}]},"18":{"line":258,"type":"if","locations":[{"start":{"line":258,"column":8},"end":{"line":258,"column":8},"skip":true},{"start":{"line":258,"column":8},"end":{"line":258,"column":8},"skip":true}]},"19":{"line":275,"type":"switch","locations":[{"start":{"line":276,"column":20},"end":{"line":277,"column":64},"skip":true},{"start":{"line":278,"column":20},"end":{"line":279,"column":40},"skip":true},{"start":{"line":280,"column":20},"end":{"line":281,"column":40},"skip":true},{"start":{"line":282,"column":20},"end":{"line":283,"column":39},"skip":true}]},"20":{"line":288,"type":"if","locations":[{"start":{"line":288,"column":8},"end":{"line":288,"column":8},"skip":true},{"start":{"line":288,"column":8},"end":{"line":288,"column":8},"skip":true}]},"21":{"line":288,"type":"binary-expr","locations":[{"start":{"line":288,"column":12},"end":{"line":288,"column":40},"skip":true},{"start":{"line":288,"column":44},"end":{"line":288,"column":67},"skip":true}]},"22":{"line":292,"type":"binary-expr","locations":[{"start":{"line":292,"column":12},"end":{"line":292,"column":50},"skip":true},{"start":{"line":293,"column":12},"end":{"line":293,"column":53},"skip":true}]},"23":{"line":297,"type":"binary-expr","locations":[{"start":{"line":297,"column":12},"end":{"line":297,"column":68},"skip":true},{"start":{"line":298,"column":12},"end":{"line":301,"column":36},"skip":true}]},"24":{"line":303,"type":"binary-expr","locations":[{"start":{"line":303,"column":43},"end":{"line":303,"column":75},"skip":true},{"start":{"line":303,"column":79},"end":{"line":303,"column":81},"skip":true}]},"25":{"line":306,"type":"if","locations":[{"start":{"line":306,"column":8},"end":{"line":306,"column":8},"skip":true},{"start":{"line":306,"column":8},"end":{"line":306,"column":8},"skip":true}]},"26":{"line":310,"type":"if","locations":[{"start":{"line":310,"column":8},"end":{"line":310,"column":8},"skip":true},{"start":{"line":310,"column":8},"end":{"line":310,"column":8},"skip":true}]},"27":{"line":313,"type":"binary-expr","locations":[{"start":{"line":313,"column":27},"end":{"line":313,"column":43},"skip":true},{"start":{"line":313,"column":47},"end":{"line":313,"column":53},"skip":true}]},"28":{"line":317,"type":"if","locations":[{"start":{"line":317,"column":12},"end":{"line":317,"column":12},"skip":true},{"start":{"line":317,"column":12},"end":{"line":317,"column":12},"skip":true}]}},"code":["/*","example.js","","quickstart example","","instruction","    1. save this script as example.js","    2. run the shell command:","        $ npm install npmtest-prop-types && PORT=8081 node example.js","    3. play with the browser-demo on http://127.0.0.1:8081","*/","","","","/* istanbul instrument in package npmtest_prop_types */","/*jslint","    bitwise: true,","    browser: true,","    maxerr: 8,","    maxlen: 96,","    node: true,","    nomen: true,","    regexp: true,","    stupid: true","*/","(function () {","    'use strict';","    var local;","","","","    // run shared js-env code - pre-init","    (function () {","        // init local","        local = {};","        // init modeJs","        local.modeJs = (function () {","            try {","                return typeof navigator.userAgent === 'string' &&","                    typeof document.querySelector('body') === 'object' &&","                    typeof XMLHttpRequest.prototype.open === 'function' &&","                    'browser';","            } catch (errorCaughtBrowser) {","                return module.exports &&","                    typeof process.versions.node === 'string' &&","                    typeof require('http').createServer === 'function' &&","                    'node';","            }","        }());","        // init global","        local.global = local.modeJs === 'browser'","            ? window","            : global;","        // init utility2_rollup","        local = local.global.utility2_rollup || (local.modeJs === 'browser'","            ? local.global.utility2_npmtest_prop_types","            : global.utility2_moduleExports);","        // export local","        local.global.local = local;","    }());","    switch (local.modeJs) {","","","","    // post-init","    // run browser js-env code - post-init","    /* istanbul ignore next */","    case 'browser':","        local.testRunBrowser = function (event) {","            if (!event || (event &&","                    event.currentTarget &&","                    event.currentTarget.className &&","                    event.currentTarget.className.includes &&","                    event.currentTarget.className.includes('onreset'))) {","                // reset output","                Array.from(","                    document.querySelectorAll('body > .resettable')","                ).forEach(function (element) {","                    switch (element.tagName) {","                    case 'INPUT':","                    case 'TEXTAREA':","                        element.value = '';","                        break;","                    default:","                        element.textContent = '';","                    }","                });","            }","            switch (event && event.currentTarget && event.currentTarget.id) {","            case 'testRunButton1':","                // show tests","                if (document.querySelector('#testReportDiv1').style.display === 'none') {","                    document.querySelector('#testReportDiv1').style.display = 'block';","                    document.querySelector('#testRunButton1').textContent =","                        'hide internal test';","                    local.modeTest = true;","                    local.testRunDefault(local);","                // hide tests","                } else {","                    document.querySelector('#testReportDiv1').style.display = 'none';","                    document.querySelector('#testRunButton1').textContent = 'run internal test';","                }","                break;","            // custom-case","            default:","                break;","            }","            if (document.querySelector('#inputTextareaEval1') && (!event || (event &&","                    event.currentTarget &&","                    event.currentTarget.className &&","                    event.currentTarget.className.includes &&","                    event.currentTarget.className.includes('oneval')))) {","                // try to eval input-code","                try {","                    /*jslint evil: true*/","                    eval(document.querySelector('#inputTextareaEval1').value);","                } catch (errorCaught) {","                    console.error(errorCaught);","                }","            }","        };","        // log stderr and stdout to #outputTextareaStdout1","        ['error', 'log'].forEach(function (key) {","            console[key + '_original'] = console[key];","            console[key] = function () {","                var element;","                console[key + '_original'].apply(console, arguments);","                element = document.querySelector('#outputTextareaStdout1');","                if (!element) {","                    return;","                }","                // append text to #outputTextareaStdout1","                element.value += Array.from(arguments).map(function (arg) {","                    return typeof arg === 'string'","                        ? arg","                        : JSON.stringify(arg, null, 4);","                }).join(' ') + '\\n';","                // scroll textarea to bottom","                element.scrollTop = element.scrollHeight;","            };","        });","        // init event-handling","        ['change', 'click', 'keyup'].forEach(function (event) {","            Array.from(document.querySelectorAll('.on' + event)).forEach(function (element) {","                element.addEventListener(event, local.testRunBrowser);","            });","        });","        // run tests","        local.testRunBrowser();","        break;","","","","    // run node js-env code - post-init","    /* istanbul ignore next */","    case 'node':","        // export local","        module.exports = local;","        // require modules","        local.fs = require('fs');","        local.http = require('http');","        local.url = require('url');","        // init assets","        local.assetsDict = local.assetsDict || {};","        /* jslint-ignore-begin */","        local.assetsDict['/assets.index.template.html'] = '\\","<!doctype html>\\n\\","<html lang=\"en\">\\n\\","<head>\\n\\","<meta charset=\"UTF-8\">\\n\\","<meta name=\"viewport\" content=\"width=device-width, initial-scale=1\">\\n\\","<title>{{env.npm_package_name}} (v{{env.npm_package_version}})</title>\\n\\","<style>\\n\\","/*csslint\\n\\","    box-sizing: false,\\n\\","    universal-selector: false\\n\\","*/\\n\\","* {\\n\\","    box-sizing: border-box;\\n\\","}\\n\\","body {\\n\\","    background: #dde;\\n\\","    font-family: Arial, Helvetica, sans-serif;\\n\\","    margin: 2rem;\\n\\","}\\n\\","body > * {\\n\\","    margin-bottom: 1rem;\\n\\","}\\n\\",".utility2FooterDiv {\\n\\","    margin-top: 20px;\\n\\","    text-align: center;\\n\\","}\\n\\","</style>\\n\\","<style>\\n\\","/*csslint\\n\\","*/\\n\\","textarea {\\n\\","    font-family: monospace;\\n\\","    height: 10rem;\\n\\","    width: 100%;\\n\\","}\\n\\","textarea[readonly] {\\n\\","    background: #ddd;\\n\\","}\\n\\","</style>\\n\\","</head>\\n\\","<body>\\n\\","<!-- utility2-comment\\n\\","<div id=\"ajaxProgressDiv1\" style=\"background: #d00; height: 2px; left: 0; margin: 0; padding: 0; position: fixed; top: 0; transition: background 0.5s, width 1.5s; width: 25%;\"></div>\\n\\","utility2-comment -->\\n\\","<h1>\\n\\","<!-- utility2-comment\\n\\","    <a\\n\\","        {{#if env.npm_package_homepage}}\\n\\","        href=\"{{env.npm_package_homepage}}\"\\n\\","        {{/if env.npm_package_homepage}}\\n\\","        target=\"_blank\"\\n\\","    >\\n\\","utility2-comment -->\\n\\","        {{env.npm_package_name}} (v{{env.npm_package_version}})\\n\\","<!-- utility2-comment\\n\\","    </a>\\n\\","utility2-comment -->\\n\\","</h1>\\n\\","<h3>{{env.npm_package_description}}</h3>\\n\\","<!-- utility2-comment\\n\\","<h4><a download href=\"assets.app.js\">download standalone app</a></h4>\\n\\","<button class=\"onclick onreset\" id=\"testRunButton1\">run internal test</button><br>\\n\\","<div id=\"testReportDiv1\" style=\"display: none;\"></div>\\n\\","utility2-comment -->\\n\\","\\n\\","\\n\\","\\n\\","<label>stderr and stdout</label>\\n\\","<textarea class=\"resettable\" id=\"outputTextareaStdout1\" readonly></textarea>\\n\\","<!-- utility2-comment\\n\\","{{#if isRollup}}\\n\\","<script src=\"assets.app.js\"></script>\\n\\","{{#unless isRollup}}\\n\\","utility2-comment -->\\n\\","<script src=\"assets.utility2.rollup.js\"></script>\\n\\","<script src=\"jsonp.utility2._stateInit?callback=window.utility2._stateInit\"></script>\\n\\","<script src=\"assets.npmtest_prop_types.rollup.js\"></script>\\n\\","<script src=\"assets.example.js\"></script>\\n\\","<script src=\"assets.test.js\"></script>\\n\\","<!-- utility2-comment\\n\\","{{/if isRollup}}\\n\\","utility2-comment -->\\n\\","<div class=\"utility2FooterDiv\">\\n\\","    [ this app was created with\\n\\","    <a href=\"https://github.com/kaizhu256/node-utility2\" target=\"_blank\">utility2</a>\\n\\","    ]\\n\\","</div>\\n\\","</body>\\n\\","</html>\\n\\","';","        /* jslint-ignore-end */","        if (local.templateRender) {","            local.assetsDict['/'] = local.templateRender(","                local.assetsDict['/assets.index.template.html'],","                {","                    env: local.objectSetDefault(local.env, {","                        npm_package_description: 'the greatest app in the world!',","                        npm_package_name: 'my-app',","                        npm_package_nameAlias: 'my_app',","                        npm_package_version: '0.0.1'","                    })","                }","            );","        } else {","            local.assetsDict['/'] = local.assetsDict['/assets.index.template.html']","                .replace((/\\{\\{env\\.(\\w+?)\\}\\}/g), function (match0, match1) {","                    // jslint-hack","                    String(match0);","                    switch (match1) {","                    case 'npm_package_description':","                        return 'the greatest app in the world!';","                    case 'npm_package_name':","                        return 'my-app';","                    case 'npm_package_nameAlias':","                        return 'my_app';","                    case 'npm_package_version':","                        return '0.0.1';","                    }","                });","        }","        // run the cli","        if (local.global.utility2_rollup || module !== require.main) {","            break;","        }","        local.assetsDict['/assets.example.js'] =","            local.assetsDict['/assets.example.js'] ||","            local.fs.readFileSync(__filename, 'utf8');","        // bug-workaround - long $npm_package_buildCustomOrg","        /* jslint-ignore-begin */","        local.assetsDict['/assets.npmtest_prop_types.rollup.js'] =","            local.assetsDict['/assets.npmtest_prop_types.rollup.js'] ||","            local.fs.readFileSync(","                local.npmtest_prop_types.__dirname + '/lib.npmtest_prop_types.js',","                'utf8'","            ).replace((/^#!/), '//');","        /* jslint-ignore-end */","        local.assetsDict['/favicon.ico'] = local.assetsDict['/favicon.ico'] || '';","        // if $npm_config_timeout_exit exists,","        // then exit this process after $npm_config_timeout_exit ms","        if (Number(process.env.npm_config_timeout_exit)) {","            setTimeout(process.exit, Number(process.env.npm_config_timeout_exit));","        }","        // start server","        if (local.global.utility2_serverHttp1) {","            break;","        }","        process.env.PORT = process.env.PORT || '8081';","        console.error('server starting on port ' + process.env.PORT);","        local.http.createServer(function (request, response) {","            request.urlParsed = local.url.parse(request.url);","            if (local.assetsDict[request.urlParsed.pathname] !== undefined) {","                response.end(local.assetsDict[request.urlParsed.pathname]);","                return;","            }","            response.statusCode = 404;","            response.end();","        }).listen(process.env.PORT);","        break;","    }","}());",""],"l":{"26":2,"28":2,"33":2,"35":2,"37":2,"38":2,"39":2,"44":1,"51":2,"55":2,"59":2,"61":2,"69":1,"70":2,"76":2,"79":2,"82":2,"83":2,"85":1,"89":2,"92":1,"93":1,"94":1,"96":1,"97":1,"100":1,"101":1,"103":1,"106":1,"108":2,"114":1,"116":1,"118":1,"123":1,"124":2,"125":2,"126":3,"127":3,"128":3,"129":3,"130":1,"133":3,"134":3,"139":3,"143":1,"144":3,"145":1,"149":1,"150":1,"158":1,"160":1,"161":1,"162":1,"164":1,"166":1,"258":1,"259":1,"271":1,"274":6,"275":6,"277":1,"279":2,"281":1,"283":2,"288":1,"289":1,"291":1,"296":1,"303":1,"306":1,"307":1,"310":1,"311":1,"313":1,"314":1,"315":1,"316":1,"317":1,"318":1,"319":1,"321":1,"322":1,"324":1}},"/home/travis/build/npmtest/node-npmtest-prop-types/node_modules/prop-types/index.js":{"path":"/home/travis/build/npmtest/node-npmtest-prop-types/node_modules/prop-types/index.js","s":{"1":1,"2":1,"3":1,"4":0,"5":1,"6":1,"7":0},"b":{"1":[1,0],"2":[1,1,1,0],"3":[0,0,0]},"f":{"1":0},"fnMap":{"1":{"name":"(anonymous_1)","line":16,"loc":{"start":{"line":16,"column":23},"end":{"line":16,"column":40}}}},"statementMap":{"1":{"start":{"line":10,"column":0},"end":{"line":30,"column":1}},"2":{"start":{"line":11,"column":2},"end":{"line":14,"column":11}},"3":{"start":{"line":16,"column":2},"end":{"line":20,"column":4}},"4":{"start":{"line":17,"column":4},"end":{"line":19,"column":45}},"5":{"start":{"line":24,"column":2},"end":{"line":24,"column":33}},"6":{"start":{"line":25,"column":2},"end":{"line":25,"column":93}},"7":{"start":{"line":29,"column":2},"end":{"line":29,"column":59}}},"branchMap":{"1":{"line":10,"type":"if","locations":[{"start":{"line":10,"column":0},"end":{"line":10,"column":0}},{"start":{"line":10,"column":0},"end":{"line":10,"column":0}}]},"2":{"line":11,"type":"binary-expr","locations":[{"start":{"line":11,"column":28},"end":{"line":11,"column":56}},{"start":{"line":12,"column":4},"end":{"line":12,"column":14}},{"start":{"line":13,"column":4},"end":{"line":13,"column":31}},{"start":{"line":14,"column":4},"end":{"line":14,"column":10}}]},"3":{"line":17,"type":"binary-expr","locations":[{"start":{"line":17,"column":11},"end":{"line":17,"column":37}},{"start":{"line":18,"column":6},"end":{"line":18,"column":21}},{"start":{"line":19,"column":6},"end":{"line":19,"column":44}}]}},"code":["/**"," * Copyright 2013-present, Facebook, Inc."," * All rights reserved."," *"," * This source code is licensed under the BSD-style license found in the"," * LICENSE file in the root directory of this source tree. An additional grant"," * of patent rights can be found in the PATENTS file in the same directory."," */","","if (process.env.NODE_ENV !== 'production') {","  var REACT_ELEMENT_TYPE = (typeof Symbol === 'function' &&","    Symbol.for &&","    Symbol.for('react.element')) ||","    0xeac7;","","  var isValidElement = function(object) {","    return typeof object === 'object' &&","      object !== null &&","      object.$$typeof === REACT_ELEMENT_TYPE;","  };","","  // By explicitly using `prop-types` you are opting into new development behavior.","  // http://fb.me/prop-types-in-prod","  var throwOnDirectAccess = true;","  module.exports = require('./factoryWithTypeCheckers')(isValidElement, throwOnDirectAccess);","} else {","  // By explicitly using `prop-types` you are opting into new production behavior.","  // http://fb.me/prop-types-in-prod","  module.exports = require('./factoryWithThrowingShims')();","}",""],"l":{"10":1,"11":1,"16":1,"17":0,"24":1,"25":1,"29":0}},"/home/travis/build/npmtest/node-npmtest-prop-types/node_modules/prop-types/factoryWithTypeCheckers.js":{"path":"/home/travis/build/npmtest/node-npmtest-prop-types/node_modules/prop-types/factoryWithTypeCheckers.js","s":{"1":1,"2":1,"3":1,"4":1,"5":1,"6":1,"7":1,"8":1,"9":1,"10":0,"11":0,"12":0,"13":1,"14":1,"15":1,"16":0,"17":0,"18":0,"19":1,"20":0,"21":0,"22":1,"23":1,"24":10,"25":10,"26":10,"27":1,"28":0,"29":0,"30":0,"31":0,"32":0,"33":0,"34":0,"35":0,"36":0,"37":0,"38":0,"39":0,"40":0,"41":0,"42":0,"43":0,"44":0,"45":0,"46":10,"47":10,"48":10,"49":1,"50":1,"51":0,"52":0,"53":0,"54":0,"55":0,"56":0,"57":7,"58":1,"59":1,"60":1,"61":1,"62":0,"63":0,"64":0,"65":0,"66":0,"67":0,"68":0,"69":0,"70":0,"71":0,"72":0,"73":0,"74":1,"75":1,"76":0,"77":0,"78":0,"79":0,"80":0,"81":1,"82":1,"83":1,"84":0,"85":0,"86":0,"87":0,"88":0,"89":0,"90":1,"91":0,"92":0,"93":0,"94":1,"95":0,"96":0,"97":0,"98":0,"99":0,"100":0,"101":0,"102":1,"103":1,"104":0,"105":0,"106":0,"107":0,"108":0,"109":0,"110":0,"111":0,"112":0,"113":0,"114":0,"115":0,"116":0,"117":1,"118":0,"119":0,"120":0,"121":1,"122":0,"123":0,"124":0,"125":0,"126":0,"127":0,"128":1,"129":1,"130":0,"131":0,"132":0,"133":1,"134":1,"135":1,"136":0,"137":0,"138":0,"139":0,"140":0,"141":0,"142":0,"143":0,"144":0,"145":0,"146":0,"147":0,"148":0,"149":1,"150":0,"151":0,"152":0,"153":0,"154":0,"155":0,"156":0,"157":0,"158":0,"159":0,"160":0,"161":0,"162":0,"163":0,"164":0,"165":0,"166":0,"167":0,"168":0,"169":0,"170":0,"171":0,"172":0,"173":1,"174":0,"175":0,"176":0,"177":0,"178":0,"179":0,"180":0,"181":1,"182":0,"183":0,"184":0,"185":0,"186":0,"187":0,"188":0,"189":0,"190":1,"191":0,"192":0,"193":0,"194":0,"195":0,"196":0,"197":0,"198":1,"199":0,"200":0,"201":0,"202":1,"203":1,"204":1},"b":{"1":[1,1],"2":[0,0,0,0],"3":[0,0],"4":[0,0],"5":[0,0],"6":[0,0],"7":[10,0],"8":[0,0],"9":[0,0],"10":[0,0],"11":[0,0],"12":[0,0],"13":[0,0],"14":[0,0],"15":[0,0],"16":[0,0],"17":[0,0],"18":[0,0],"19":[0,0],"20":[0,0],"21":[0,0],"22":[0,0],"23":[0,0],"24":[0,0],"25":[0,0],"26":[0,0],"27":[0,0],"28":[0,0],"29":[0,0],"30":[0,0],"31":[0,0],"32":[0,0],"33":[0,0],"34":[0,0],"35":[0,0],"36":[0,0],"37":[0,0],"38":[0,0],"39":[0,0],"40":[0,0,0,0,0,0],"41":[0,0],"42":[0,0],"43":[0,0],"44":[0,0],"45":[0,0],"46":[0,0],"47":[0,0],"48":[0,0],"49":[0,0],"50":[0,0],"51":[0,0],"52":[0,0],"53":[0,0],"54":[0,0],"55":[0,0],"56":[0,0],"57":[0,0],"58":[0,0],"59":[0,0],"60":[0,0]},"f":{"1":1,"2":0,"3":0,"4":0,"5":10,"6":0,"7":7,"8":0,"9":1,"10":0,"11":0,"12":1,"13":0,"14":0,"15":0,"16":0,"17":0,"18":0,"19":0,"20":0,"21":0,"22":1,"23":0,"24":0,"25":0,"26":0,"27":0,"28":0,"29":0,"30":0},"fnMap":{"1":{"name":"(anonymous_1)","line":19,"loc":{"start":{"line":19,"column":17},"end":{"line":19,"column":63}}},"2":{"name":"getIteratorFn","line":38,"loc":{"start":{"line":38,"column":2},"end":{"line":38,"column":40}}},"3":{"name":"is","line":121,"loc":{"start":{"line":121,"column":2},"end":{"line":121,"column":20}}},"4":{"name":"PropTypeError","line":141,"loc":{"start":{"line":141,"column":2},"end":{"line":141,"column":34}}},"5":{"name":"createChainableTypeChecker","line":148,"loc":{"start":{"line":148,"column":2},"end":{"line":148,"column":48}}},"6":{"name":"checkType","line":153,"loc":{"start":{"line":153,"column":4},"end":{"line":153,"column":99}}},"7":{"name":"createPrimitiveTypeChecker","line":208,"loc":{"start":{"line":208,"column":2},"end":{"line":208,"column":52}}},"8":{"name":"validate","line":209,"loc":{"start":{"line":209,"column":4},"end":{"line":209,"column":86}}},"9":{"name":"createAnyTypeChecker","line":225,"loc":{"start":{"line":225,"column":2},"end":{"line":225,"column":34}}},"10":{"name":"createArrayOfTypeChecker","line":229,"loc":{"start":{"line":229,"column":2},"end":{"line":229,"column":49}}},"11":{"name":"validate","line":230,"loc":{"start":{"line":230,"column":4},"end":{"line":230,"column":78}}},"12":{"name":"createElementTypeChecker","line":250,"loc":{"start":{"line":250,"column":2},"end":{"line":250,"column":38}}},"13":{"name":"validate","line":251,"loc":{"start":{"line":251,"column":4},"end":{"line":251,"column":78}}},"14":{"name":"createInstanceTypeChecker","line":262,"loc":{"start":{"line":262,"column":2},"end":{"line":262,"column":52}}},"15":{"name":"validate","line":263,"loc":{"start":{"line":263,"column":4},"end":{"line":263,"column":78}}},"16":{"name":"createEnumTypeChecker","line":274,"loc":{"start":{"line":274,"column":2},"end":{"line":274,"column":49}}},"17":{"name":"validate","line":280,"loc":{"start":{"line":280,"column":4},"end":{"line":280,"column":78}}},"18":{"name":"createObjectOfTypeChecker","line":294,"loc":{"start":{"line":294,"column":2},"end":{"line":294,"column":50}}},"19":{"name":"validate","line":295,"loc":{"start":{"line":295,"column":4},"end":{"line":295,"column":78}}},"20":{"name":"createUnionTypeChecker","line":317,"loc":{"start":{"line":317,"column":2},"end":{"line":317,"column":55}}},"21":{"name":"validate","line":323,"loc":{"start":{"line":323,"column":4},"end":{"line":323,"column":78}}},"22":{"name":"createNodeChecker","line":336,"loc":{"start":{"line":336,"column":2},"end":{"line":336,"column":31}}},"23":{"name":"validate","line":337,"loc":{"start":{"line":337,"column":4},"end":{"line":337,"column":78}}},"24":{"name":"createShapeTypeChecker","line":346,"loc":{"start":{"line":346,"column":2},"end":{"line":346,"column":46}}},"25":{"name":"validate","line":347,"loc":{"start":{"line":347,"column":4},"end":{"line":347,"column":78}}},"26":{"name":"isNode","line":368,"loc":{"start":{"line":368,"column":2},"end":{"line":368,"column":29}}},"27":{"name":"isSymbol","line":415,"loc":{"start":{"line":415,"column":2},"end":{"line":415,"column":41}}},"28":{"name":"getPropType","line":435,"loc":{"start":{"line":435,"column":2},"end":{"line":435,"column":34}}},"29":{"name":"getPreciseType","line":454,"loc":{"start":{"line":454,"column":2},"end":{"line":454,"column":37}}},"30":{"name":"getClassName","line":467,"loc":{"start":{"line":467,"column":2},"end":{"line":467,"column":35}}}},"statementMap":{"1":{"start":{"line":12,"column":0},"end":{"line":12,"column":54}},"2":{"start":{"line":13,"column":0},"end":{"line":13,"column":46}},"3":{"start":{"line":14,"column":0},"end":{"line":14,"column":42}},"4":{"start":{"line":16,"column":0},"end":{"line":16,"column":65}},"5":{"start":{"line":17,"column":0},"end":{"line":17,"column":49}},"6":{"start":{"line":19,"column":0},"end":{"line":478,"column":2}},"7":{"start":{"line":21,"column":2},"end":{"line":21,"column":72}},"8":{"start":{"line":22,"column":2},"end":{"line":22,"column":42}},"9":{"start":{"line":38,"column":2},"end":{"line":43,"column":3}},"10":{"start":{"line":39,"column":4},"end":{"line":39,"column":129}},"11":{"start":{"line":40,"column":4},"end":{"line":42,"column":5}},"12":{"start":{"line":41,"column":6},"end":{"line":41,"column":24}},"13":{"start":{"line":92,"column":2},"end":{"line":92,"column":34}},"14":{"start":{"line":96,"column":2},"end":{"line":114,"column":4}},"15":{"start":{"line":121,"column":2},"end":{"line":131,"column":3}},"16":{"start":{"line":123,"column":4},"end":{"line":130,"column":5}},"17":{"start":{"line":126,"column":6},"end":{"line":126,"column":40}},"18":{"start":{"line":129,"column":6},"end":{"line":129,"column":32}},"19":{"start":{"line":141,"column":2},"end":{"line":144,"column":3}},"20":{"start":{"line":142,"column":4},"end":{"line":142,"column":27}},"21":{"start":{"line":143,"column":4},"end":{"line":143,"column":20}},"22":{"start":{"line":146,"column":2},"end":{"line":146,"column":44}},"23":{"start":{"line":148,"column":2},"end":{"line":206,"column":3}},"24":{"start":{"line":149,"column":4},"end":{"line":152,"column":5}},"25":{"start":{"line":150,"column":6},"end":{"line":150,"column":39}},"26":{"start":{"line":151,"column":6},"end":{"line":151,"column":41}},"27":{"start":{"line":153,"column":4},"end":{"line":200,"column":5}},"28":{"start":{"line":154,"column":6},"end":{"line":154,"column":49}},"29":{"start":{"line":155,"column":6},"end":{"line":155,"column":46}},"30":{"start":{"line":157,"column":6},"end":{"line":188,"column":7}},"31":{"start":{"line":158,"column":8},"end":{"line":187,"column":9}},"32":{"start":{"line":160,"column":10},"end":{"line":165,"column":12}},"33":{"start":{"line":166,"column":15},"end":{"line":187,"column":9}},"34":{"start":{"line":168,"column":10},"end":{"line":168,"column":56}},"35":{"start":{"line":169,"column":10},"end":{"line":186,"column":11}},"36":{"start":{"line":174,"column":12},"end":{"line":183,"column":14}},"37":{"start":{"line":184,"column":12},"end":{"line":184,"column":53}},"38":{"start":{"line":185,"column":12},"end":{"line":185,"column":41}},"39":{"start":{"line":189,"column":6},"end":{"line":199,"column":7}},"40":{"start":{"line":190,"column":8},"end":{"line":195,"column":9}},"41":{"start":{"line":191,"column":10},"end":{"line":193,"column":11}},"42":{"start":{"line":192,"column":12},"end":{"line":192,"column":166}},"43":{"start":{"line":194,"column":10},"end":{"line":194,"column":169}},"44":{"start":{"line":196,"column":8},"end":{"line":196,"column":20}},"45":{"start":{"line":198,"column":8},"end":{"line":198,"column":80}},"46":{"start":{"line":202,"column":4},"end":{"line":202,"column":55}},"47":{"start":{"line":203,"column":4},"end":{"line":203,"column":61}},"48":{"start":{"line":205,"column":4},"end":{"line":205,"column":28}},"49":{"start":{"line":208,"column":2},"end":{"line":223,"column":3}},"50":{"start":{"line":209,"column":4},"end":{"line":221,"column":5}},"51":{"start":{"line":210,"column":6},"end":{"line":210,"column":38}},"52":{"start":{"line":211,"column":6},"end":{"line":211,"column":44}},"53":{"start":{"line":212,"column":6},"end":{"line":219,"column":7}},"54":{"start":{"line":216,"column":8},"end":{"line":216,"column":52}},"55":{"start":{"line":218,"column":8},"end":{"line":218,"column":198}},"56":{"start":{"line":220,"column":6},"end":{"line":220,"column":18}},"57":{"start":{"line":222,"column":4},"end":{"line":222,"column":48}},"58":{"start":{"line":225,"column":2},"end":{"line":227,"column":3}},"59":{"start":{"line":226,"column":4},"end":{"line":226,"column":69}},"60":{"start":{"line":229,"column":2},"end":{"line":248,"column":3}},"61":{"start":{"line":230,"column":4},"end":{"line":246,"column":5}},"62":{"start":{"line":231,"column":6},"end":{"line":233,"column":7}},"63":{"start":{"line":232,"column":8},"end":{"line":232,"column":151}},"64":{"start":{"line":234,"column":6},"end":{"line":234,"column":38}},"65":{"start":{"line":235,"column":6},"end":{"line":238,"column":7}},"66":{"start":{"line":236,"column":8},"end":{"line":236,"column":46}},"67":{"start":{"line":237,"column":8},"end":{"line":237,"column":174}},"68":{"start":{"line":239,"column":6},"end":{"line":244,"column":7}},"69":{"start":{"line":240,"column":8},"end":{"line":240,"column":123}},"70":{"start":{"line":241,"column":8},"end":{"line":243,"column":9}},"71":{"start":{"line":242,"column":10},"end":{"line":242,"column":23}},"72":{"start":{"line":245,"column":6},"end":{"line":245,"column":18}},"73":{"start":{"line":247,"column":4},"end":{"line":247,"column":48}},"74":{"start":{"line":250,"column":2},"end":{"line":260,"column":3}},"75":{"start":{"line":251,"column":4},"end":{"line":258,"column":5}},"76":{"start":{"line":252,"column":6},"end":{"line":252,"column":38}},"77":{"start":{"line":253,"column":6},"end":{"line":256,"column":7}},"78":{"start":{"line":254,"column":8},"end":{"line":254,"column":46}},"79":{"start":{"line":255,"column":8},"end":{"line":255,"column":187}},"80":{"start":{"line":257,"column":6},"end":{"line":257,"column":18}},"81":{"start":{"line":259,"column":4},"end":{"line":259,"column":48}},"82":{"start":{"line":262,"column":2},"end":{"line":272,"column":3}},"83":{"start":{"line":263,"column":4},"end":{"line":270,"column":5}},"84":{"start":{"line":264,"column":6},"end":{"line":268,"column":7}},"85":{"start":{"line":265,"column":8},"end":{"line":265,"column":64}},"86":{"start":{"line":266,"column":8},"end":{"line":266,"column":60}},"87":{"start":{"line":267,"column":8},"end":{"line":267,"column":219}},"88":{"start":{"line":269,"column":6},"end":{"line":269,"column":18}},"89":{"start":{"line":271,"column":4},"end":{"line":271,"column":48}},"90":{"start":{"line":274,"column":2},"end":{"line":292,"column":3}},"91":{"start":{"line":275,"column":4},"end":{"line":278,"column":5}},"92":{"start":{"line":276,"column":6},"end":{"line":276,"column":140}},"93":{"start":{"line":277,"column":6},"end":{"line":277,"column":43}},"94":{"start":{"line":280,"column":4},"end":{"line":290,"column":5}},"95":{"start":{"line":281,"column":6},"end":{"line":281,"column":38}},"96":{"start":{"line":282,"column":6},"end":{"line":286,"column":7}},"97":{"start":{"line":283,"column":8},"end":{"line":285,"column":9}},"98":{"start":{"line":284,"column":10},"end":{"line":284,"column":22}},"99":{"start":{"line":288,"column":6},"end":{"line":288,"column":56}},"100":{"start":{"line":289,"column":6},"end":{"line":289,"column":193}},"101":{"start":{"line":291,"column":4},"end":{"line":291,"column":48}},"102":{"start":{"line":294,"column":2},"end":{"line":315,"column":3}},"103":{"start":{"line":295,"column":4},"end":{"line":313,"column":5}},"104":{"start":{"line":296,"column":6},"end":{"line":298,"column":7}},"105":{"start":{"line":297,"column":8},"end":{"line":297,"column":152}},"106":{"start":{"line":299,"column":6},"end":{"line":299,"column":38}},"107":{"start":{"line":300,"column":6},"end":{"line":300,"column":44}},"108":{"start":{"line":301,"column":6},"end":{"line":303,"column":7}},"109":{"start":{"line":302,"column":8},"end":{"line":302,"column":175}},"110":{"start":{"line":304,"column":6},"end":{"line":311,"column":7}},"111":{"start":{"line":305,"column":8},"end":{"line":310,"column":9}},"112":{"start":{"line":306,"column":10},"end":{"line":306,"column":123}},"113":{"start":{"line":307,"column":10},"end":{"line":309,"column":11}},"114":{"start":{"line":308,"column":12},"end":{"line":308,"column":25}},"115":{"start":{"line":312,"column":6},"end":{"line":312,"column":18}},"116":{"start":{"line":314,"column":4},"end":{"line":314,"column":48}},"117":{"start":{"line":317,"column":2},"end":{"line":334,"column":3}},"118":{"start":{"line":318,"column":4},"end":{"line":321,"column":5}},"119":{"start":{"line":319,"column":6},"end":{"line":319,"column":144}},"120":{"start":{"line":320,"column":6},"end":{"line":320,"column":43}},"121":{"start":{"line":323,"column":4},"end":{"line":332,"column":5}},"122":{"start":{"line":324,"column":6},"end":{"line":329,"column":7}},"123":{"start":{"line":325,"column":8},"end":{"line":325,"column":45}},"124":{"start":{"line":326,"column":8},"end":{"line":328,"column":9}},"125":{"start":{"line":327,"column":10},"end":{"line":327,"column":22}},"126":{"start":{"line":331,"column":6},"end":{"line":331,"column":126}},"127":{"start":{"line":333,"column":4},"end":{"line":333,"column":48}},"128":{"start":{"line":336,"column":2},"end":{"line":344,"column":3}},"129":{"start":{"line":337,"column":4},"end":{"line":342,"column":5}},"130":{"start":{"line":338,"column":6},"end":{"line":340,"column":7}},"131":{"start":{"line":339,"column":8},"end":{"line":339,"column":150}},"132":{"start":{"line":341,"column":6},"end":{"line":341,"column":18}},"133":{"start":{"line":343,"column":4},"end":{"line":343,"column":48}},"134":{"start":{"line":346,"column":2},"end":{"line":366,"column":3}},"135":{"start":{"line":347,"column":4},"end":{"line":364,"column":5}},"136":{"start":{"line":348,"column":6},"end":{"line":348,"column":38}},"137":{"start":{"line":349,"column":6},"end":{"line":349,"column":44}},"138":{"start":{"line":350,"column":6},"end":{"line":352,"column":7}},"139":{"start":{"line":351,"column":8},"end":{"line":351,"column":174}},"140":{"start":{"line":353,"column":6},"end":{"line":362,"column":7}},"141":{"start":{"line":354,"column":8},"end":{"line":354,"column":38}},"142":{"start":{"line":355,"column":8},"end":{"line":357,"column":9}},"143":{"start":{"line":356,"column":10},"end":{"line":356,"column":19}},"144":{"start":{"line":358,"column":8},"end":{"line":358,"column":117}},"145":{"start":{"line":359,"column":8},"end":{"line":361,"column":9}},"146":{"start":{"line":360,"column":10},"end":{"line":360,"column":23}},"147":{"start":{"line":363,"column":6},"end":{"line":363,"column":18}},"148":{"start":{"line":365,"column":4},"end":{"line":365,"column":48}},"149":{"start":{"line":368,"column":2},"end":{"line":413,"column":3}},"150":{"start":{"line":369,"column":4},"end":{"line":412,"column":5}},"151":{"start":{"line":373,"column":8},"end":{"line":373,"column":20}},"152":{"start":{"line":375,"column":8},"end":{"line":375,"column":26}},"153":{"start":{"line":377,"column":8},"end":{"line":379,"column":9}},"154":{"start":{"line":378,"column":10},"end":{"line":378,"column":41}},"155":{"start":{"line":380,"column":8},"end":{"line":382,"column":9}},"156":{"start":{"line":381,"column":10},"end":{"line":381,"column":22}},"157":{"start":{"line":384,"column":8},"end":{"line":384,"column":50}},"158":{"start":{"line":385,"column":8},"end":{"line":407,"column":9}},"159":{"start":{"line":386,"column":10},"end":{"line":386,"column":52}},"160":{"start":{"line":387,"column":10},"end":{"line":387,"column":19}},"161":{"start":{"line":388,"column":10},"end":{"line":404,"column":11}},"162":{"start":{"line":389,"column":12},"end":{"line":393,"column":13}},"163":{"start":{"line":390,"column":14},"end":{"line":392,"column":15}},"164":{"start":{"line":391,"column":16},"end":{"line":391,"column":29}},"165":{"start":{"line":396,"column":12},"end":{"line":403,"column":13}},"166":{"start":{"line":397,"column":14},"end":{"line":397,"column":37}},"167":{"start":{"line":398,"column":14},"end":{"line":402,"column":15}},"168":{"start":{"line":399,"column":16},"end":{"line":401,"column":17}},"169":{"start":{"line":400,"column":18},"end":{"line":400,"column":31}},"170":{"start":{"line":406,"column":10},"end":{"line":406,"column":23}},"171":{"start":{"line":409,"column":8},"end":{"line":409,"column":20}},"172":{"start":{"line":411,"column":8},"end":{"line":411,"column":21}},"173":{"start":{"line":415,"column":2},"end":{"line":432,"column":3}},"174":{"start":{"line":417,"column":4},"end":{"line":419,"column":5}},"175":{"start":{"line":418,"column":6},"end":{"line":418,"column":18}},"176":{"start":{"line":422,"column":4},"end":{"line":424,"column":5}},"177":{"start":{"line":423,"column":6},"end":{"line":423,"column":18}},"178":{"start":{"line":427,"column":4},"end":{"line":429,"column":5}},"179":{"start":{"line":428,"column":6},"end":{"line":428,"column":18}},"180":{"start":{"line":431,"column":4},"end":{"line":431,"column":17}},"181":{"start":{"line":435,"column":2},"end":{"line":450,"column":3}},"182":{"start":{"line":436,"column":4},"end":{"line":436,"column":36}},"183":{"start":{"line":437,"column":4},"end":{"line":439,"column":5}},"184":{"start":{"line":438,"column":6},"end":{"line":438,"column":21}},"185":{"start":{"line":440,"column":4},"end":{"line":445,"column":5}},"186":{"start":{"line":444,"column":6},"end":{"line":444,"column":22}},"187":{"start":{"line":446,"column":4},"end":{"line":448,"column":5}},"188":{"start":{"line":447,"column":6},"end":{"line":447,"column":22}},"189":{"start":{"line":449,"column":4},"end":{"line":449,"column":20}},"190":{"start":{"line":454,"column":2},"end":{"line":464,"column":3}},"191":{"start":{"line":455,"column":4},"end":{"line":455,"column":42}},"192":{"start":{"line":456,"column":4},"end":{"line":462,"column":5}},"193":{"start":{"line":457,"column":6},"end":{"line":461,"column":7}},"194":{"start":{"line":458,"column":8},"end":{"line":458,"column":22}},"195":{"start":{"line":459,"column":13},"end":{"line":461,"column":7}},"196":{"start":{"line":460,"column":8},"end":{"line":460,"column":24}},"197":{"start":{"line":463,"column":4},"end":{"line":463,"column":20}},"198":{"start":{"line":467,"column":2},"end":{"line":472,"column":3}},"199":{"start":{"line":468,"column":4},"end":{"line":470,"column":5}},"200":{"start":{"line":469,"column":6},"end":{"line":469,"column":23}},"201":{"start":{"line":471,"column":4},"end":{"line":471,"column":38}},"202":{"start":{"line":474,"column":2},"end":{"line":474,"column":49}},"203":{"start":{"line":475,"column":2},"end":{"line":475,"column":44}},"204":{"start":{"line":477,"column":2},"end":{"line":477,"column":24}}},"branchMap":{"1":{"line":21,"type":"binary-expr","locations":[{"start":{"line":21,"column":24},"end":{"line":21,"column":52}},{"start":{"line":21,"column":56},"end":{"line":21,"column":71}}]},"2":{"line":39,"type":"binary-expr","locations":[{"start":{"line":39,"column":21},"end":{"line":39,"column":34}},{"start":{"line":39,"column":39},"end":{"line":39,"column":54}},{"start":{"line":39,"column":58},"end":{"line":39,"column":88}},{"start":{"line":39,"column":92},"end":{"line":39,"column":127}}]},"3":{"line":40,"type":"if","locations":[{"start":{"line":40,"column":4},"end":{"line":40,"column":4}},{"start":{"line":40,"column":4},"end":{"line":40,"column":4}}]},"4":{"line":123,"type":"if","locations":[{"start":{"line":123,"column":4},"end":{"line":123,"column":4}},{"start":{"line":123,"column":4},"end":{"line":123,"column":4}}]},"5":{"line":126,"type":"binary-expr","locations":[{"start":{"line":126,"column":13},"end":{"line":126,"column":20}},{"start":{"line":126,"column":24},"end":{"line":126,"column":39}}]},"6":{"line":129,"type":"binary-expr","locations":[{"start":{"line":129,"column":13},"end":{"line":129,"column":20}},{"start":{"line":129,"column":24},"end":{"line":129,"column":31}}]},"7":{"line":149,"type":"if","locations":[{"start":{"line":149,"column":4},"end":{"line":149,"column":4}},{"start":{"line":149,"column":4},"end":{"line":149,"column":4}}]},"8":{"line":154,"type":"binary-expr","locations":[{"start":{"line":154,"column":22},"end":{"line":154,"column":35}},{"start":{"line":154,"column":39},"end":{"line":154,"column":48}}]},"9":{"line":155,"type":"binary-expr","locations":[{"start":{"line":155,"column":21},"end":{"line":155,"column":33}},{"start":{"line":155,"column":37},"end":{"line":155,"column":45}}]},"10":{"line":157,"type":"if","locations":[{"start":{"line":157,"column":6},"end":{"line":157,"column":6}},{"start":{"line":157,"column":6},"end":{"line":157,"column":6}}]},"11":{"line":158,"type":"if","locations":[{"start":{"line":158,"column":8},"end":{"line":158,"column":8}},{"start":{"line":158,"column":8},"end":{"line":158,"column":8}}]},"12":{"line":166,"type":"if","locations":[{"start":{"line":166,"column":15},"end":{"line":166,"column":15}},{"start":{"line":166,"column":15},"end":{"line":166,"column":15}}]},"13":{"line":166,"type":"binary-expr","locations":[{"start":{"line":166,"column":19},"end":{"line":166,"column":56}},{"start":{"line":166,"column":60},"end":{"line":166,"column":90}}]},"14":{"line":169,"type":"if","locations":[{"start":{"line":169,"column":10},"end":{"line":169,"column":10}},{"start":{"line":169,"column":10},"end":{"line":169,"column":10}}]},"15":{"line":170,"type":"binary-expr","locations":[{"start":{"line":170,"column":12},"end":{"line":170,"column":46}},{"start":{"line":172,"column":12},"end":{"line":172,"column":42}}]},"16":{"line":189,"type":"if","locations":[{"start":{"line":189,"column":6},"end":{"line":189,"column":6}},{"start":{"line":189,"column":6},"end":{"line":189,"column":6}}]},"17":{"line":190,"type":"if","locations":[{"start":{"line":190,"column":8},"end":{"line":190,"column":8}},{"start":{"line":190,"column":8},"end":{"line":190,"column":8}}]},"18":{"line":191,"type":"if","locations":[{"start":{"line":191,"column":10},"end":{"line":191,"column":10}},{"start":{"line":191,"column":10},"end":{"line":191,"column":10}}]},"19":{"line":212,"type":"if","locations":[{"start":{"line":212,"column":6},"end":{"line":212,"column":6}},{"start":{"line":212,"column":6},"end":{"line":212,"column":6}}]},"20":{"line":231,"type":"if","locations":[{"start":{"line":231,"column":6},"end":{"line":231,"column":6}},{"start":{"line":231,"column":6},"end":{"line":231,"column":6}}]},"21":{"line":235,"type":"if","locations":[{"start":{"line":235,"column":6},"end":{"line":235,"column":6}},{"start":{"line":235,"column":6},"end":{"line":235,"column":6}}]},"22":{"line":241,"type":"if","locations":[{"start":{"line":241,"column":8},"end":{"line":241,"column":8}},{"start":{"line":241,"column":8},"end":{"line":241,"column":8}}]},"23":{"line":253,"type":"if","locations":[{"start":{"line":253,"column":6},"end":{"line":253,"column":6}},{"start":{"line":253,"column":6},"end":{"line":253,"column":6}}]},"24":{"line":264,"type":"if","locations":[{"start":{"line":264,"column":6},"end":{"line":264,"column":6}},{"start":{"line":264,"column":6},"end":{"line":264,"column":6}}]},"25":{"line":265,"type":"binary-expr","locations":[{"start":{"line":265,"column":32},"end":{"line":265,"column":50}},{"start":{"line":265,"column":54},"end":{"line":265,"column":63}}]},"26":{"line":275,"type":"if","locations":[{"start":{"line":275,"column":4},"end":{"line":275,"column":4}},{"start":{"line":275,"column":4},"end":{"line":275,"column":4}}]},"27":{"line":276,"type":"cond-expr","locations":[{"start":{"line":276,"column":46},"end":{"line":276,"column":130}},{"start":{"line":276,"column":133},"end":{"line":276,"column":139}}]},"28":{"line":283,"type":"if","locations":[{"start":{"line":283,"column":8},"end":{"line":283,"column":8}},{"start":{"line":283,"column":8},"end":{"line":283,"column":8}}]},"29":{"line":296,"type":"if","locations":[{"start":{"line":296,"column":6},"end":{"line":296,"column":6}},{"start":{"line":296,"column":6},"end":{"line":296,"column":6}}]},"30":{"line":301,"type":"if","locations":[{"start":{"line":301,"column":6},"end":{"line":301,"column":6}},{"start":{"line":301,"column":6},"end":{"line":301,"column":6}}]},"31":{"line":305,"type":"if","locations":[{"start":{"line":305,"column":8},"end":{"line":305,"column":8}},{"start":{"line":305,"column":8},"end":{"line":305,"column":8}}]},"32":{"line":307,"type":"if","locations":[{"start":{"line":307,"column":10},"end":{"line":307,"column":10}},{"start":{"line":307,"column":10},"end":{"line":307,"column":10}}]},"33":{"line":318,"type":"if","locations":[{"start":{"line":318,"column":4},"end":{"line":318,"column":4}},{"start":{"line":318,"column":4},"end":{"line":318,"column":4}}]},"34":{"line":319,"type":"cond-expr","locations":[{"start":{"line":319,"column":46},"end":{"line":319,"column":134}},{"start":{"line":319,"column":137},"end":{"line":319,"column":143}}]},"35":{"line":326,"type":"if","locations":[{"start":{"line":326,"column":8},"end":{"line":326,"column":8}},{"start":{"line":326,"column":8},"end":{"line":326,"column":8}}]},"36":{"line":338,"type":"if","locations":[{"start":{"line":338,"column":6},"end":{"line":338,"column":6}},{"start":{"line":338,"column":6},"end":{"line":338,"column":6}}]},"37":{"line":350,"type":"if","locations":[{"start":{"line":350,"column":6},"end":{"line":350,"column":6}},{"start":{"line":350,"column":6},"end":{"line":350,"column":6}}]},"38":{"line":355,"type":"if","locations":[{"start":{"line":355,"column":8},"end":{"line":355,"column":8}},{"s
[...]
, componentName, location, propFullName, secret) {","      var propValue = props[propName];","      var propType = getPropType(propValue);","      if (propType !== expectedType) {","        // `propValue` being instance of, say, date/regexp, pass the 'object'","        // check, but we can offer a more precise error message here rather than","        // 'of type `object`'.","        var preciseType = getPreciseType(propValue);","","        return new PropTypeError('Invalid ' + location + ' `' + propFullName + '` of type ' + ('`' + preciseType + '` supplied to `' + componentName + '`, expected ') + ('`' + expectedType + '`.'));","      }","      return null;","    }","    return createChainableTypeChecker(validate);","  }","","  function createAnyTypeChecker() {","    return createChainableTypeChecker(emptyFunction.thatReturnsNull);","  }","","  function createArrayOfTypeChecker(typeChecker) {","    function validate(props, propName, componentName, location, propFullName) {","      if (typeof typeChecker !== 'function') {","        return new PropTypeError('Property `' + propFullName + '` of component `' + componentName + '` has invalid PropType notation inside arrayOf.');","      }","      var propValue = props[propName];","      if (!Array.isArray(propValue)) {","        var propType = getPropType(propValue);","        return new PropTypeError('Invalid ' + location + ' `' + propFullName + '` of type ' + ('`' + propType + '` supplied to `' + componentName + '`, expected an array.'));","      }","      for (var i = 0; i < propValue.length; i++) {","        var error = typeChecker(propValue, i, componentName, location, propFullName + '[' + i + ']', ReactPropTypesSecret);","        if (error instanceof Error) {","          return error;","        }","      }","      return null;","    }","    return createChainableTypeChecker(validate);","  }","","  function createElementTypeChecker() {","    function validate(props, propName, componentName, location, propFullName) {","      var propValue = props[propName];","      if (!isValidElement(propValue)) {","        var propType = getPropType(propValue);","        return new PropTypeError('Invalid ' + location + ' `' + propFullName + '` of type ' + ('`' + propType + '` supplied to `' + componentName + '`, expected a single ReactElement.'));","      }","      return null;","    }","    return createChainableTypeChecker(validate);","  }","","  function createInstanceTypeChecker(expectedClass) {","    function validate(props, propName, componentName, location, propFullName) {","      if (!(props[propName] instanceof expectedClass)) {","        var expectedClassName = expectedClass.name || ANONYMOUS;","        var actualClassName = getClassName(props[propName]);","        return new PropTypeError('Invalid ' + location + ' `' + propFullName + '` of type ' + ('`' + actualClassName + '` supplied to `' + componentName + '`, expected ') + ('instance of `' + expectedClassName + '`.'));","      }","      return null;","    }","    return createChainableTypeChecker(validate);","  }","","  function createEnumTypeChecker(expectedValues) {","    if (!Array.isArray(expectedValues)) {","      \"development\" !== 'production' ? warning(false, 'Invalid argument supplied to oneOf, expected an instance of array.') : void 0;","      return emptyFunction.thatReturnsNull;","    }","","    function validate(props, propName, componentName, location, propFullName) {","      var propValue = props[propName];","      for (var i = 0; i < expectedValues.length; i++) {","        if (is(propValue, expectedValues[i])) {","          return null;","        }","      }","","      var valuesString = JSON.stringify(expectedValues);","      return new PropTypeError('Invalid ' + location + ' `' + propFullName + '` of value `' + propValue + '` ' + ('supplied to `' + componentName + '`, expected one of ' + valuesString + '.'));","    }","    return createChainableTypeChecker(validate);","  }","","  function createObjectOfTypeChecker(typeChecker) {","    function validate(props, propName, componentName, location, propFullName) {","      if (typeof typeChecker !== 'function') {","        return new PropTypeError('Property `' + propFullName + '` of component `' + componentName + '` has invalid PropType notation inside objectOf.');","      }","      var propValue = props[propName];","      var propType = getPropType(propValue);","      if (propType !== 'object') {","        return new PropTypeError('Invalid ' + location + ' `' + propFullName + '` of type ' + ('`' + propType + '` supplied to `' + componentName + '`, expected an object.'));","      }","      for (var key in propValue) {","        if (propValue.hasOwnProperty(key)) {","          var error = typeChecker(propValue, key, componentName, location, propFullName + '.' + key, ReactPropTypesSecret);","          if (error instanceof Error) {","            return error;","          }","        }","      }","      return null;","    }","    return createChainableTypeChecker(validate);","  }","","  function createUnionTypeChecker(arrayOfTypeCheckers) {","    if (!Array.isArray(arrayOfTypeCheckers)) {","      \"development\" !== 'production' ? warning(false, 'Invalid argument supplied to oneOfType, expected an instance of array.') : void 0;","      return emptyFunction.thatReturnsNull;","    }","","    function validate(props, propName, componentName, location, propFullName) {","      for (var i = 0; i < arrayOfTypeCheckers.length; i++) {","        var checker = arrayOfTypeCheckers[i];","        if (checker(props, propName, componentName, location, propFullName, ReactPropTypesSecret) == null) {","          return null;","        }","      }","","      return new PropTypeError('Invalid ' + location + ' `' + propFullName + '` supplied to ' + ('`' + componentName + '`.'));","    }","    return createChainableTypeChecker(validate);","  }","","  function createNodeChecker() {","    function validate(props, propName, componentName, location, propFullName) {","      if (!isNode(props[propName])) {","        return new PropTypeError('Invalid ' + location + ' `' + propFullName + '` supplied to ' + ('`' + componentName + '`, expected a ReactNode.'));","      }","      return null;","    }","    return createChainableTypeChecker(validate);","  }","","  function createShapeTypeChecker(shapeTypes) {","    function validate(props, propName, componentName, location, propFullName) {","      var propValue = props[propName];","      var propType = getPropType(propValue);","      if (propType !== 'object') {","        return new PropTypeError('Invalid ' + location + ' `' + propFullName + '` of type `' + propType + '` ' + ('supplied to `' + componentName + '`, expected `object`.'));","      }","      for (var key in shapeTypes) {","        var checker = shapeTypes[key];","        if (!checker) {","          continue;","        }","        var error = checker(propValue, key, componentName, location, propFullName + '.' + key, ReactPropTypesSecret);","        if (error) {","          return error;","        }","      }","      return null;","    }","    return createChainableTypeChecker(validate);","  }","","  function isNode(propValue) {","    switch (typeof propValue) {","      case 'number':","      case 'string':","      case 'undefined':","        return true;","      case 'boolean':","        return !propValue;","      case 'object':","        if (Array.isArray(propValue)) {","          return propValue.every(isNode);","        }","        if (propValue === null || isValidElement(propValue)) {","          return true;","        }","","        var iteratorFn = getIteratorFn(propValue);","        if (iteratorFn) {","          var iterator = iteratorFn.call(propValue);","          var step;","          if (iteratorFn !== propValue.entries) {","            while (!(step = iterator.next()).done) {","              if (!isNode(step.value)) {","                return false;","              }","            }","          } else {","            // Iterator will provide entry [k,v] tuples rather than values.","            while (!(step = iterator.next()).done) {","              var entry = step.value;","              if (entry) {","                if (!isNode(entry[1])) {","                  return false;","                }","              }","            }","          }","        } else {","          return false;","        }","","        return true;","      default:","        return false;","    }","  }","","  function isSymbol(propType, propValue) {","    // Native Symbol.","    if (propType === 'symbol') {","      return true;","    }","","    // 19.4.3.5 Symbol.prototype[@@toStringTag] === 'Symbol'","    if (propValue['@@toStringTag'] === 'Symbol') {","      return true;","    }","","    // Fallback for non-spec compliant Symbols which are polyfilled.","    if (typeof Symbol === 'function' && propValue instanceof Symbol) {","      return true;","    }","","    return false;","  }","","  // Equivalent of `typeof` but with special handling for array and regexp.","  function getPropType(propValue) {","    var propType = typeof propValue;","    if (Array.isArray(propValue)) {","      return 'array';","    }","    if (propValue instanceof RegExp) {","      // Old webkits (at least until Android 4.0) return 'function' rather than","      // 'object' for typeof a RegExp. We'll normalize this here so that /bla/","      // passes PropTypes.object.","      return 'object';","    }","    if (isSymbol(propType, propValue)) {","      return 'symbol';","    }","    return propType;","  }","","  // This handles more types than `getPropType`. Only used for error messages.","  // See `createPrimitiveTypeChecker`.","  function getPreciseType(propValue) {","    var propType = getPropType(propValue);","    if (propType === 'object') {","      if (propValue instanceof Date) {","        return 'date';","      } else if (propValue instanceof RegExp) {","        return 'regexp';","      }","    }","    return propType;","  }","","  // Returns class name of the object, if any.","  function getClassName(propValue) {","    if (!propValue.constructor || !propValue.constructor.name) {","      return ANONYMOUS;","    }","    return propValue.constructor.name;","  }","","  ReactPropTypes.checkPropTypes = checkPropTypes;","  ReactPropTypes.PropTypes = ReactPropTypes;","","  return ReactPropTypes;","};","","},{\"./checkPropTypes\":1,\"./lib/ReactPropTypesSecret\":5,\"fbjs/lib/emptyFunction\":6,\"fbjs/lib/invariant\":7,\"fbjs/lib/warning\":8}],4:[function(require,module,exports){","/**"," * Copyright 2013-present, Facebook, Inc."," * All rights reserved."," *"," * This source code is licensed under the BSD-style license found in the"," * LICENSE file in the root directory of this source tree. An additional grant"," * of patent rights can be found in the PATENTS file in the same directory."," */","","if (\"development\" !== 'production') {","  var REACT_ELEMENT_TYPE = (typeof Symbol === 'function' &&","    Symbol.for &&","    Symbol.for('react.element')) ||","    0xeac7;","","  var isValidElement = function(object) {","    return typeof object === 'object' &&","      object !== null &&","      object.$$typeof === REACT_ELEMENT_TYPE;","  };","","  // By explicitly using `prop-types` you are opting into new development behavior.","  // http://fb.me/prop-types-in-prod","  var throwOnDirectAccess = true;","  module.exports = require('./factoryWithTypeCheckers')(isValidElement, throwOnDirectAccess);","} else {","  // By explicitly using `prop-types` you are opting into new production behavior.","  // http://fb.me/prop-types-in-prod","  module.exports = require('./factoryWithThrowingShims')();","}","","},{\"./factoryWithThrowingShims\":2,\"./factoryWithTypeCheckers\":3}],5:[function(require,module,exports){","/**"," * Copyright 2013-present, Facebook, Inc."," * All rights reserved."," *"," * This source code is licensed under the BSD-style license found in the"," * LICENSE file in the root directory of this source tree. An additional grant"," * of patent rights can be found in the PATENTS file in the same directory."," */","","'use strict';","","var ReactPropTypesSecret = 'SECRET_DO_NOT_PASS_THIS_OR_YOU_WILL_BE_FIRED';","","module.exports = ReactPropTypesSecret;","","},{}],6:[function(require,module,exports){","\"use strict\";","","/**"," * Copyright (c) 2013-present, Facebook, Inc."," * All rights reserved."," *"," * This source code is licensed under the BSD-style license found in the"," * LICENSE file in the root directory of this source tree. An additional grant"," * of patent rights can be found in the PATENTS file in the same directory."," *"," * "," */","","function makeEmptyFunction(arg) {","  return function () {","    return arg;","  };","}","","/**"," * This function accepts and discards inputs; it has no side effects. This is"," * primarily useful idiomatically for overridable function endpoints which"," * always need to be callable, since JS lacks a null-call idiom ala Cocoa."," */","var emptyFunction = function emptyFunction() {};","","emptyFunction.thatReturns = makeEmptyFunction;","emptyFunction.thatReturnsFalse = makeEmptyFunction(false);","emptyFunction.thatReturnsTrue = makeEmptyFunction(true);","emptyFunction.thatReturnsNull = makeEmptyFunction(null);","emptyFunction.thatReturnsThis = function () {","  return this;","};","emptyFunction.thatReturnsArgument = function (arg) {","  return arg;","};","","module.exports = emptyFunction;","},{}],7:[function(require,module,exports){","/**"," * Copyright (c) 2013-present, Facebook, Inc."," * All rights reserved."," *"," * This source code is licensed under the BSD-style license found in the"," * LICENSE file in the root directory of this source tree. An additional grant"," * of patent rights can be found in the PATENTS file in the same directory."," *"," */","","'use strict';","","/**"," * Use invariant() to assert state which your program assumes to be true."," *"," * Provide sprintf-style format (only %s is supported) and arguments"," * to provide information about what broke and what you were"," * expecting."," *"," * The invariant message will be stripped in production, but the invariant"," * will remain to ensure logic does not differ in production."," */","","var validateFormat = function validateFormat(format) {};","","if (\"development\" !== 'production') {","  validateFormat = function validateFormat(format) {","    if (format === undefined) {","      throw new Error('invariant requires an error message argument');","    }","  };","}","","function invariant(condition, format, a, b, c, d, e, f) {","  validateFormat(format);","","  if (!condition) {","    var error;","    if (format === undefined) {","      error = new Error('Minified exception occurred; use the non-minified dev environment ' + 'for the full error message and additional helpful warnings.');","    } else {","      var args = [a, b, c, d, e, f];","      var argIndex = 0;","      error = new Error(format.replace(/%s/g, function () {","        return args[argIndex++];","      }));","      error.name = 'Invariant Violation';","    }","","    error.framesToPop = 1; // we don't care about invariant's own frame","    throw error;","  }","}","","module.exports = invariant;","},{}],8:[function(require,module,exports){","/**"," * Copyright 2014-2015, Facebook, Inc."," * All rights reserved."," *"," * This source code is licensed under the BSD-style license found in the"," * LICENSE file in the root directory of this source tree. An additional grant"," * of patent rights can be found in the PATENTS file in the same directory."," *"," */","","'use strict';","","var emptyFunction = require('./emptyFunction');","","/**"," * Similar to invariant but only logs a warning if the condition is not met."," * This can be used to log issues in development environments in critical"," * paths. Removing the logging code for production environments will keep the"," * same logic and follow the same code paths."," */","","var warning = emptyFunction;","","if (\"development\" !== 'production') {","  (function () {","    var printWarning = function printWarning(format) {","      for (var _len = arguments.length, args = Array(_len > 1 ? _len - 1 : 0), _key = 1; _key < _len; _key++) {","        args[_key - 1] = arguments[_key];","      }","","      var argIndex = 0;","      var message = 'Warning: ' + format.replace(/%s/g, function () {","        return args[argIndex++];","      });","      if (typeof console !== 'undefined') {","        console.error(message);","      }","      try {","        // --- Welcome to debugging React ---","        // This error was thrown as a convenience so that you can use this stack","        // to find the callsite that caused this warning to fire.","        throw new Error(message);","      } catch (x) {}","    };","","    warning = function warning(condition, format) {","      if (format === undefined) {","        throw new Error('`warning(condition, format, ...args)` requires a warning ' + 'message argument');","      }","","      if (format.indexOf('Failed Composite propType: ') === 0) {","        return; // Ignore CompositeComponent proptype check.","      }","","      if (!condition) {","        for (var _len2 = arguments.length, args = Array(_len2 > 2 ? _len2 - 2 : 0), _key2 = 2; _key2 < _len2; _key2++) {","          args[_key2 - 2] = arguments[_key2];","        }","","        printWarning.apply(undefined, [format].concat(args));","      }","    };","  })();","}","","module.exports = warning;","},{\"./emptyFunction\":6}]},{},[4])(4)","});"],"l":{"1":12,"13":1,"14":1,"15":1,"16":1,"17":1,"31":1,"32":0,"33":0,"34":0,"35":0,"39":0,"42":0,"43":0,"45":0,"47":0,"48":0,"51":0,"53":0,"55":0,"62":1,"76":0,"77":0,"79":0,"82":1,"83":0,"90":0,"91":1,"92":0,"94":0,"114":0,"115":0,"117":0,"132":1,"133":1,"134":1,"136":1,"137":1,"139":1,"141":1,"142":1,"158":1,"159":0,"160":0,"161":0,"212":1,"216":1,"241":1,"243":0,"246":0,"249":0,"261":1,"262":0,"263":0,"266":1,"268":1,"269":10,"270":10,"271":10,"273":1,"274":0,"275":0,"277":0,"278":0,"280":0,"286":0,"288":0,"289":0,"294":0,"304":0,"305":0,"309":0,"310":0,"311":0,"312":0,"314":0,"316":0,"318":0,"322":10,"323":10,"325":10,"328":1,"329":1,"330":0,"331":0,"332":0,"336":0,"338":0,"340":0,"342":7,"345":1,"346":1,"349":1,"350":1,"351":0,"352":0,"354":0,"355":0,"356":0,"357":0,"359":0,"360":0,"361":0,"362":0,"365":0,"367":0,"370":1,"371":1,"372":0,"373":0,"374":0,"375":0,"377":0,"379":1,"382":1,"383":1,"384":0,"385":0,"386":0,"387":0,"389":0,"391":0,"394":1,"395":0,"396":0,"397":0,"400":1,"401":0,"402":0,"403":0,"404":0,"408":0,"409":0,"411":0,"414":1,"415":1,"416":0,"417":0,"419":0,"420":0,"421":0,"422":0,"424":0,"425":0,"426":0,"427":0,"428":0,"432":0,"434":0,"437":1,"438":0,"439":0,"440":0,"443":1,"444":0,"445":0,"446":0,"447":0,"451":0,"453":0,"456":1,"457":1,"458":0,"459":0,"461":0,"463":1,"466":1,"467":1,"468":0,"469":0,"470":0,"471":0,"473":0,"474":0,"475":0,"476":0,"478":0,"479":0,"480":0,"483":0,"485":0,"488":1,"489":0,"493":0,"495":0,"497":0,"498":0,"500":0,"501":0,"504":0,"505":0,"506":0,"507":0,"508":0,"509":0,"510":0,"511":0,"516":0,"517":0,"518":0,"519":0,"520":0,"526":0,"529":0,"531":0,"535":1,"537":0,"538":0,"542":0,"543":0,"547":0,"548":0,"551":0,"555":1,"556":0,"557":0,"558":0,"560":0,"564":0,"566":0,"567":0,"569":0,"574":1,"575":0,"576":0,"577":0,"578":0,"579":0,"580":0,"583":0,"587":1,"588":0,"589":0,"591":0,"594":1,"595":1,"597":1,"610":1,"611":1,"616":1,"617":0,"624":1,"625":1,"629":0,"644":1,"646":1,"662":1,"663":3,"664":0,"673":1,"675":1,"676":1,"677":1,"678":1,"679":1,"680":0,"682":1,"683":0,"686":1,"711":1,"713":1,"714":1,"715":0,"716":0,"721":1,"722":0,"724":0,"725":0,"726":0,"727":0,"729":0,"730":0,"731":0,"732":0,"734":0,"737":0,"738":0,"742":1,"756":1,"765":1,"767":1,"768":1,"769":1,"770":0,"771":0,"774":0,"775":0,"776":0,"778":0,"779":0,"781":0,"785":0,"789":1,"790":0,"791":0,"794":0,"795":0,"798":0,"799":0,"800":0,"803":0,"809":1}}}